
image.elf: formato do arquivo elf32-bigmips


Desmontagem da seção .text:

40000000 <_entry>:
40000000:	3c054000 	lui	a1,0x4000
40000004:	24a533a0 	addiu	a1,a1,13216
40000008:	3c044008 	lui	a0,0x4008
4000000c:	2484e7e0 	addiu	a0,a0,-6176
40000010:	3c1c4001 	lui	gp,0x4001
40000014:	279cb388 	addiu	gp,gp,-19576
40000018:	3c1d5000 	lui	sp,0x5000
4000001c:	27bdfffc 	addiu	sp,sp,-4
40000020:	aca00000 	sw	zero,0(a1)
40000024:	00a4182a 	slt	v1,a1,a0
40000028:	24a50004 	addiu	a1,a1,4
4000002c:	1460fffc 	bnez	v1,40000020 <_entry+0x20>
40000030:	00000000 	nop
40000034:	3c1b4000 	lui	k1,0x4000
40000038:	277b0100 	addiu	k1,k1,256
4000003c:	3c1af000 	lui	k0,0xf000
40000040:	af5b0000 	sw	k1,0(k0)
40000044:	0c0004d2 	jal	40001348 <main>
40000048:	00000000 	nop
4000004c:	3c1ae000 	lui	k0,0xe000
40000050:	af400000 	sw	zero,0(k0)
40000054:	1000ffff 	b	40000054 <_entry+0x54>
40000058:	00000000 	nop
	...

40000100 <_isr>:
40000100:	00000000 	nop
40000104:	27bdff98 	addiu	sp,sp,-104
40000108:	afa10010 	sw	at,16(sp)
4000010c:	afa20014 	sw	v0,20(sp)
40000110:	afa30018 	sw	v1,24(sp)
40000114:	afa4001c 	sw	a0,28(sp)
40000118:	afa50020 	sw	a1,32(sp)
4000011c:	afa60024 	sw	a2,36(sp)
40000120:	afa70028 	sw	a3,40(sp)
40000124:	afa8002c 	sw	t0,44(sp)
40000128:	afa90030 	sw	t1,48(sp)
4000012c:	afaa0034 	sw	t2,52(sp)
40000130:	afab0038 	sw	t3,56(sp)
40000134:	afac003c 	sw	t4,60(sp)
40000138:	afad0040 	sw	t5,64(sp)
4000013c:	afae0044 	sw	t6,68(sp)
40000140:	afaf0048 	sw	t7,72(sp)
40000144:	afb8004c 	sw	t8,76(sp)
40000148:	afb90050 	sw	t9,80(sp)
4000014c:	afbf0054 	sw	ra,84(sp)
40000150:	3c1af000 	lui	k0,0xf000
40000154:	375a0040 	ori	k0,k0,0x40
40000158:	8f5a0000 	lw	k0,0(k0)
4000015c:	275afffc 	addiu	k0,k0,-4
40000160:	afba0058 	sw	k0,88(sp)
40000164:	0000d810 	mfhi	k1
40000168:	afbb005c 	sw	k1,92(sp)
4000016c:	0000d812 	mflo	k1
40000170:	afbb0060 	sw	k1,96(sp)
40000174:	3c05f000 	lui	a1,0xf000
40000178:	8ca40010 	lw	a0,16(a1)
4000017c:	8ca60020 	lw	a2,32(a1)
40000180:	00862024 	and	a0,a0,a2
40000184:	0c000199 	jal	40000664 <_irq_handler>
40000188:	27a50000 	addiu	a1,sp,0
4000018c:	8fa10010 	lw	at,16(sp)
40000190:	8fa20014 	lw	v0,20(sp)
40000194:	8fa30018 	lw	v1,24(sp)
40000198:	8fa4001c 	lw	a0,28(sp)
4000019c:	8fa50020 	lw	a1,32(sp)
400001a0:	8fa60024 	lw	a2,36(sp)
400001a4:	8fa70028 	lw	a3,40(sp)
400001a8:	8fa8002c 	lw	t0,44(sp)
400001ac:	8fa90030 	lw	t1,48(sp)
400001b0:	8faa0034 	lw	t2,52(sp)
400001b4:	8fab0038 	lw	t3,56(sp)
400001b8:	8fac003c 	lw	t4,60(sp)
400001bc:	8fad0040 	lw	t5,64(sp)
400001c0:	8fae0044 	lw	t6,68(sp)
400001c4:	8faf0048 	lw	t7,72(sp)
400001c8:	8fb8004c 	lw	t8,76(sp)
400001cc:	8fb90050 	lw	t9,80(sp)
400001d0:	8fbf0054 	lw	ra,84(sp)
400001d4:	8fba0058 	lw	k0,88(sp)
400001d8:	8fbb005c 	lw	k1,92(sp)
400001dc:	03600011 	mthi	k1
400001e0:	8fbb0060 	lw	k1,96(sp)
400001e4:	03600013 	mtlo	k1
400001e8:	27bd0068 	addiu	sp,sp,104
400001ec:	341b0001 	li	k1,0x1
400001f0:	3c1af000 	lui	k0,0xf000
400001f4:	375a0030 	ori	k0,k0,0x30
400001f8:	af5b0000 	sw	k1,0(k0)
400001fc:	8fbafff0 	lw	k0,-16(sp)
40000200:	03400008 	jr	k0
40000204:	00000000 	nop

40000208 <_interrupt_set>:
40000208:	3c03f000 	lui	v1,0xf000
4000020c:	34630030 	ori	v1,v1,0x30
40000210:	8c620000 	lw	v0,0(v1)
40000214:	ac640000 	sw	a0,0(v1)
40000218:	03e00008 	jr	ra
4000021c:	00000000 	nop

40000220 <_context_save>:
40000220:	ac900000 	sw	s0,0(a0)
40000224:	ac910004 	sw	s1,4(a0)
40000228:	ac920008 	sw	s2,8(a0)
4000022c:	ac93000c 	sw	s3,12(a0)
40000230:	ac940010 	sw	s4,16(a0)
40000234:	ac950014 	sw	s5,20(a0)
40000238:	ac960018 	sw	s6,24(a0)
4000023c:	ac97001c 	sw	s7,28(a0)
40000240:	ac9e0020 	sw	s8,32(a0)
40000244:	ac9c0024 	sw	gp,36(a0)
40000248:	ac9d0028 	sw	sp,40(a0)
4000024c:	ac9f002c 	sw	ra,44(a0)
40000250:	34020000 	li	v0,0x0
40000254:	03e00008 	jr	ra
40000258:	00000000 	nop

4000025c <_context_restore>:
4000025c:	8c900000 	lw	s0,0(a0)
40000260:	8c910004 	lw	s1,4(a0)
40000264:	8c920008 	lw	s2,8(a0)
40000268:	8c93000c 	lw	s3,12(a0)
4000026c:	8c940010 	lw	s4,16(a0)
40000270:	8c950014 	lw	s5,20(a0)
40000274:	8c960018 	lw	s6,24(a0)
40000278:	8c97001c 	lw	s7,28(a0)
4000027c:	8c9e0020 	lw	s8,32(a0)
40000280:	8c9c0024 	lw	gp,36(a0)
40000284:	8c9d0028 	lw	sp,40(a0)
40000288:	8c9f002c 	lw	ra,44(a0)
4000028c:	341b0001 	li	k1,0x1
40000290:	3c1af000 	lui	k0,0xf000
40000294:	375a0030 	ori	k0,k0,0x30
40000298:	34a20000 	ori	v0,a1,0x0
4000029c:	af5b0000 	sw	k1,0(k0)
400002a0:	03e00008 	jr	ra
400002a4:	00000000 	nop

400002a8 <putchar>:
400002a8:	3c03f000 	lui	v1,0xf000
400002ac:	8c620010 	lw	v0,16(v1)
400002b0:	30420080 	andi	v0,v0,0x80
400002b4:	1040fffd 	beqz	v0,400002ac <putchar+0x4>
400002b8:	3c02f000 	lui	v0,0xf000
400002bc:	ac4400e0 	sw	a0,224(v0)
400002c0:	03e00008 	jr	ra
400002c4:	00000000 	nop

400002c8 <dputchar>:
400002c8:	3c02f000 	lui	v0,0xf000
400002cc:	ac4400d0 	sw	a0,208(v0)
400002d0:	03e00008 	jr	ra
400002d4:	00000000 	nop

400002d8 <delay_ms>:
400002d8:	3c02f000 	lui	v0,0xf000
400002dc:	8c420050 	lw	v0,80(v0)
400002e0:	27bdffc8 	addiu	sp,sp,-56
400002e4:	afb2002c 	sw	s2,44(sp)
400002e8:	3c12017d 	lui	s2,0x17d
400002ec:	afa20018 	sw	v0,24(sp)
400002f0:	afb10028 	sw	s1,40(sp)
400002f4:	afb00024 	sw	s0,36(sp)
400002f8:	afa00010 	sw	zero,16(sp)
400002fc:	afbf0034 	sw	ra,52(sp)
40000300:	afb30030 	sw	s3,48(sp)
40000304:	00808021 	move	s0,a0
40000308:	3c11f000 	lui	s1,0xf000
4000030c:	26527840 	addiu	s2,s2,30784
40000310:	afa00014 	sw	zero,20(sp)
40000314:	080000d4 	j	40000350 <delay_ms+0x78>
40000318:	00000000 	nop
4000031c:	8fa4001c 	lw	a0,28(sp)
40000320:	8fa30018 	lw	v1,24(sp)
40000324:	8fa20014 	lw	v0,20(sp)
40000328:	00821021 	addu	v0,a0,v0
4000032c:	00521021 	addu	v0,v0,s2
40000330:	00431023 	subu	v0,v0,v1
40000334:	afa20014 	sw	v0,20(sp)
40000338:	8fa2001c 	lw	v0,28(sp)
4000033c:	afa20018 	sw	v0,24(sp)
40000340:	8fa20014 	lw	v0,20(sp)
40000344:	2c4261a8 	sltiu	v0,v0,25000
40000348:	10400018 	beqz	v0,400003ac <delay_ms+0xd4>
4000034c:	00000000 	nop
40000350:	8fa20010 	lw	v0,16(sp)
40000354:	0050102b 	sltu	v0,v0,s0
40000358:	10400022 	beqz	v0,400003e4 <delay_ms+0x10c>
4000035c:	8fbf0034 	lw	ra,52(sp)
40000360:	8e220050 	lw	v0,80(s1)
40000364:	afa2001c 	sw	v0,28(sp)
40000368:	8fa3001c 	lw	v1,28(sp)
4000036c:	8fa20018 	lw	v0,24(sp)
40000370:	0062102b 	sltu	v0,v1,v0
40000374:	1440ffe9 	bnez	v0,4000031c <delay_ms+0x44>
40000378:	00000000 	nop
4000037c:	8fa2001c 	lw	v0,28(sp)
40000380:	8fa30018 	lw	v1,24(sp)
40000384:	8fa40014 	lw	a0,20(sp)
40000388:	00821021 	addu	v0,a0,v0
4000038c:	00431023 	subu	v0,v0,v1
40000390:	afa20014 	sw	v0,20(sp)
40000394:	8fa2001c 	lw	v0,28(sp)
40000398:	afa20018 	sw	v0,24(sp)
4000039c:	8fa20014 	lw	v0,20(sp)
400003a0:	2c4261a8 	sltiu	v0,v0,25000
400003a4:	1440ffea 	bnez	v0,40000350 <delay_ms+0x78>
400003a8:	00000000 	nop
400003ac:	8fa40014 	lw	a0,20(sp)
400003b0:	8fb30010 	lw	s3,16(sp)
400003b4:	0c000476 	jal	400011d8 <__udivsi3>
400003b8:	240561a8 	li	a1,25000
400003bc:	00531021 	addu	v0,v0,s3
400003c0:	afa20010 	sw	v0,16(sp)
400003c4:	8fa40014 	lw	a0,20(sp)
400003c8:	0c000478 	jal	400011e0 <__umodsi3>
400003cc:	240561a8 	li	a1,25000
400003d0:	afa20014 	sw	v0,20(sp)
400003d4:	8fa20010 	lw	v0,16(sp)
400003d8:	0050102b 	sltu	v0,v0,s0
400003dc:	1440ffe0 	bnez	v0,40000360 <delay_ms+0x88>
400003e0:	8fbf0034 	lw	ra,52(sp)
400003e4:	8fb30030 	lw	s3,48(sp)
400003e8:	8fb2002c 	lw	s2,44(sp)
400003ec:	8fb10028 	lw	s1,40(sp)
400003f0:	8fb00024 	lw	s0,36(sp)
400003f4:	03e00008 	jr	ra
400003f8:	27bd0038 	addiu	sp,sp,56

400003fc <_hardware_init>:
400003fc:	03e00008 	jr	ra
40000400:	00000000 	nop

40000404 <_vm_init>:
40000404:	3c044000 	lui	a0,0x4000
40000408:	27bdffe8 	addiu	sp,sp,-24
4000040c:	afbf0014 	sw	ra,20(sp)
40000410:	0c000222 	jal	40000888 <kprintf>
40000414:	248429f4 	addiu	a0,a0,10740
40000418:	3c044000 	lui	a0,0x4000
4000041c:	3c050007 	lui	a1,0x7
40000420:	8fbf0014 	lw	ra,20(sp)
40000424:	248446a4 	addiu	a0,a0,18084
40000428:	34a5a120 	ori	a1,a1,0xa120
4000042c:	08000600 	j	40001800 <heapinit>
40000430:	27bd0018 	addiu	sp,sp,24

40000434 <_sched_init>:
40000434:	3c044000 	lui	a0,0x4000
40000438:	08000222 	j	40000888 <kprintf>
4000043c:	24842a08 	addiu	a0,a0,10760

40000440 <_timer_init>:
40000440:	27bdffe8 	addiu	sp,sp,-24
40000444:	3c044000 	lui	a0,0x4000
40000448:	afb00010 	sw	s0,16(sp)
4000044c:	24842a1c 	addiu	a0,a0,10780
40000450:	afbf0014 	sw	ra,20(sp)
40000454:	0c000222 	jal	40000888 <kprintf>
40000458:	3c104000 	lui	s0,0x4000
4000045c:	26051dcc 	addiu	a1,s0,7628
40000460:	0c00018b 	jal	4000062c <_irq_register>
40000464:	24040001 	li	a0,1
40000468:	26051dcc 	addiu	a1,s0,7628
4000046c:	0c00018b 	jal	4000062c <_irq_register>
40000470:	24040002 	li	a0,2
40000474:	8fbf0014 	lw	ra,20(sp)
40000478:	24030001 	li	v1,1
4000047c:	3c02f000 	lui	v0,0xf000
40000480:	8fb00010 	lw	s0,16(sp)
40000484:	ac430020 	sw	v1,32(v0)
40000488:	03e00008 	jr	ra
4000048c:	27bd0018 	addiu	sp,sp,24

40000490 <_irq_init>:
40000490:	3c044000 	lui	a0,0x4000
40000494:	08000222 	j	40000888 <kprintf>
40000498:	24842a30 	addiu	a0,a0,10800

4000049c <_device_init>:
4000049c:	3c044000 	lui	a0,0x4000
400004a0:	08000222 	j	40000888 <kprintf>
400004a4:	24842a44 	addiu	a0,a0,10820

400004a8 <_task_init>:
400004a8:	3c044000 	lui	a0,0x4000
400004ac:	08000222 	j	40000888 <kprintf>
400004b0:	24842a5c 	addiu	a0,a0,10844

400004b4 <_set_task_sp>:
400004b4:	3084ffff 	andi	a0,a0,0xffff
400004b8:	000418c0 	sll	v1,a0,0x3
400004bc:	00041140 	sll	v0,a0,0x5
400004c0:	00621021 	addu	v0,v1,v0
400004c4:	00442023 	subu	a0,v0,a0
400004c8:	3c024000 	lui	v0,0x4000
400004cc:	00042080 	sll	a0,a0,0x2
400004d0:	2442345c 	addiu	v0,v0,13404
400004d4:	00442021 	addu	a0,v0,a0
400004d8:	03e00008 	jr	ra
400004dc:	ac850064 	sw	a1,100(a0)

400004e0 <_get_task_sp>:
400004e0:	3084ffff 	andi	a0,a0,0xffff
400004e4:	000418c0 	sll	v1,a0,0x3
400004e8:	00041140 	sll	v0,a0,0x5
400004ec:	00621021 	addu	v0,v1,v0
400004f0:	00442023 	subu	a0,v0,a0
400004f4:	3c024000 	lui	v0,0x4000
400004f8:	2442345c 	addiu	v0,v0,13404
400004fc:	00042080 	sll	a0,a0,0x2
40000500:	00442021 	addu	a0,v0,a0
40000504:	03e00008 	jr	ra
40000508:	8c820064 	lw	v0,100(a0)

4000050c <_set_task_tp>:
4000050c:	3084ffff 	andi	a0,a0,0xffff
40000510:	000418c0 	sll	v1,a0,0x3
40000514:	00041140 	sll	v0,a0,0x5
40000518:	00621021 	addu	v0,v1,v0
4000051c:	00442023 	subu	a0,v0,a0
40000520:	3c024000 	lui	v0,0x4000
40000524:	00042080 	sll	a0,a0,0x2
40000528:	2442345c 	addiu	v0,v0,13404
4000052c:	00442021 	addu	a0,v0,a0
40000530:	03e00008 	jr	ra
40000534:	ac850068 	sw	a1,104(a0)

40000538 <_cpu_idle>:
40000538:	03e00008 	jr	ra
4000053c:	00000000 	nop

40000540 <_read_us>:
40000540:	3c094000 	lui	t1,0x4000
40000544:	8d2233a8 	lw	v0,13224(t1)
40000548:	27bdffe8 	addiu	sp,sp,-24
4000054c:	afbf0014 	sw	ra,20(sp)
40000550:	14400014 	bnez	v0,400005a4 <_read_us+0x64>
40000554:	3c03f000 	lui	v1,0xf000
40000558:	8c620050 	lw	v0,80(v1)
4000055c:	3c024000 	lui	v0,0x4000
40000560:	8c4233ac 	lw	v0,13228(v0)
40000564:	8c630050 	lw	v1,80(v1)
40000568:	3c03f000 	lui	v1,0xf000
4000056c:	8c6a0050 	lw	t2,80(v1)
40000570:	8c680050 	lw	t0,80(v1)
40000574:	00402021 	move	a0,v0
40000578:	3c034000 	lui	v1,0x4000
4000057c:	01002821 	move	a1,t0
40000580:	24070019 	li	a3,25
40000584:	00003021 	move	a2,zero
40000588:	ad2a33a8 	sw	t2,13224(t1)
4000058c:	ac6233b0 	sw	v0,13232(v1)
40000590:	0c0004b9 	jal	400012e4 <__udivdi3>
40000594:	ac6833b4 	sw	t0,13236(v1)
40000598:	8fbf0014 	lw	ra,20(sp)
4000059c:	03e00008 	jr	ra
400005a0:	27bd0018 	addiu	sp,sp,24
400005a4:	8c630050 	lw	v1,80(v1)
400005a8:	0062102b 	sltu	v0,v1,v0
400005ac:	10400005 	beqz	v0,400005c4 <_read_us+0x84>
400005b0:	3c034000 	lui	v1,0x4000
400005b4:	8c6233ac 	lw	v0,13228(v1)
400005b8:	24420001 	addiu	v0,v0,1
400005bc:	0800015a 	j	40000568 <_read_us+0x28>
400005c0:	ac6233ac 	sw	v0,13228(v1)
400005c4:	3c024000 	lui	v0,0x4000
400005c8:	0800015a 	j	40000568 <_read_us+0x28>
400005cc:	8c4233ac 	lw	v0,13228(v0)

400005d0 <_timer_reset>:
400005d0:	3c02f000 	lui	v0,0xf000
400005d4:	8c430020 	lw	v1,32(v0)
400005d8:	27bdffe8 	addiu	sp,sp,-24
400005dc:	afbf0014 	sw	ra,20(sp)
400005e0:	38630003 	xori	v1,v1,0x3
400005e4:	ac430020 	sw	v1,32(v0)
400005e8:	0c000150 	jal	40000540 <_read_us>
400005ec:	00000000 	nop
400005f0:	3c024000 	lui	v0,0x4000
400005f4:	8c4533a4 	lw	a1,13220(v0)
400005f8:	8fbf0014 	lw	ra,20(sp)
400005fc:	3c044000 	lui	a0,0x4000
40000600:	00652823 	subu	a1,v1,a1
40000604:	ac8333a0 	sw	v1,13216(a0)
40000608:	3c044008 	lui	a0,0x4008
4000060c:	ac85e7d8 	sw	a1,-6184(a0)
40000610:	ac4333a4 	sw	v1,13220(v0)
40000614:	03e00008 	jr	ra
40000618:	27bd0018 	addiu	sp,sp,24

4000061c <_panic>:
4000061c:	3c02e000 	lui	v0,0xe000
40000620:	ac400000 	sw	zero,0(v0)
40000624:	03e00008 	jr	ra
40000628:	00000000 	nop

4000062c <_irq_register>:
4000062c:	3c034000 	lui	v1,0x4000
40000630:	246333b8 	addiu	v1,v1,13240
40000634:	00001021 	move	v0,zero
40000638:	24080001 	li	t0,1
4000063c:	24070020 	li	a3,32
40000640:	00483004 	sllv	a2,t0,v0
40000644:	00c43024 	and	a2,a2,a0
40000648:	10c00002 	beqz	a2,40000654 <_irq_register+0x28>
4000064c:	24420001 	addiu	v0,v0,1
40000650:	ac650000 	sw	a1,0(v1)
40000654:	1447fffa 	bne	v0,a3,40000640 <_irq_register+0x14>
40000658:	24630004 	addiu	v1,v1,4
4000065c:	03e00008 	jr	ra
40000660:	00000000 	nop

40000664 <_irq_handler>:
40000664:	27bdffe0 	addiu	sp,sp,-32
40000668:	afbf001c 	sw	ra,28(sp)
4000066c:	afb20018 	sw	s2,24(sp)
40000670:	afb10014 	sw	s1,20(sp)
40000674:	afb00010 	sw	s0,16(sp)
40000678:	00a08821 	move	s1,a1
4000067c:	0c000150 	jal	40000540 <_read_us>
40000680:	00808021 	move	s0,a0
40000684:	3c044000 	lui	a0,0x4000
40000688:	00603021 	move	a2,v1
4000068c:	24842a70 	addiu	a0,a0,10864
40000690:	0c00029f 	jal	40000a7c <dprintf>
40000694:	02002821 	move	a1,s0
40000698:	3c024008 	lui	v0,0x4008
4000069c:	2442e7c4 	addiu	v0,v0,-6204
400006a0:	8c430010 	lw	v1,16(v0)
400006a4:	3c124000 	lui	s2,0x4000
400006a8:	265233b8 	addiu	s2,s2,13240
400006ac:	24630001 	addiu	v1,v1,1
400006b0:	ac430010 	sw	v1,16(v0)
400006b4:	32020001 	andi	v0,s0,0x1
400006b8:	10400006 	beqz	v0,400006d4 <_irq_handler+0x70>
400006bc:	00108042 	srl	s0,s0,0x1
400006c0:	8e420000 	lw	v0,0(s2)
400006c4:	10400003 	beqz	v0,400006d4 <_irq_handler+0x70>
400006c8:	02202021 	move	a0,s1
400006cc:	0040f809 	jalr	v0
400006d0:	00000000 	nop
400006d4:	1600fff7 	bnez	s0,400006b4 <_irq_handler+0x50>
400006d8:	26520004 	addiu	s2,s2,4
400006dc:	8fbf001c 	lw	ra,28(sp)
400006e0:	8fb20018 	lw	s2,24(sp)
400006e4:	8fb10014 	lw	s1,20(sp)
400006e8:	8fb00010 	lw	s0,16(sp)
400006ec:	03e00008 	jr	ra
400006f0:	27bd0020 	addiu	sp,sp,32

400006f4 <kitoa.part.0>:
400006f4:	27bdffd0 	addiu	sp,sp,-48
400006f8:	24020010 	li	v0,16
400006fc:	afb2001c 	sw	s2,28(sp)
40000700:	afb00014 	sw	s0,20(sp)
40000704:	afbf002c 	sw	ra,44(sp)
40000708:	afb50028 	sw	s5,40(sp)
4000070c:	afb40024 	sw	s4,36(sp)
40000710:	afb30020 	sw	s3,32(sp)
40000714:	afb10018 	sw	s1,24(sp)
40000718:	00a09021 	move	s2,a1
4000071c:	10a20036 	beq	a1,v0,400007f8 <kitoa.part.0+0x104>
40000720:	00808021 	move	s0,a0
40000724:	04800047 	bltz	a0,40000844 <kitoa.part.0+0x150>
40000728:	00000000 	nop
4000072c:	10800024 	beqz	a0,400007c0 <kitoa.part.0+0xcc>
40000730:	0000a821 	move	s5,zero
40000734:	3c134000 	lui	s3,0x4000
40000738:	3c144000 	lui	s4,0x4000
4000073c:	2411001e 	li	s1,30
40000740:	26733438 	addiu	s3,s3,13368
40000744:	080001d5 	j	40000754 <kitoa.part.0+0x60>
40000748:	26942a7c 	addiu	s4,s4,10876
4000074c:	1220000e 	beqz	s1,40000788 <kitoa.part.0+0x94>
40000750:	00000000 	nop
40000754:	02002021 	move	a0,s0
40000758:	0c000462 	jal	40001188 <__modsi3>
4000075c:	02402821 	move	a1,s2
40000760:	02821021 	addu	v0,s4,v0
40000764:	90430000 	lbu	v1,0(v0)
40000768:	02711021 	addu	v0,s3,s1
4000076c:	02002021 	move	a0,s0
40000770:	02402821 	move	a1,s2
40000774:	0c00044d 	jal	40001134 <__divsi3>
40000778:	a0430000 	sb	v1,0(v0)
4000077c:	00408021 	move	s0,v0
40000780:	1440fff2 	bnez	v0,4000074c <kitoa.part.0+0x58>
40000784:	2631ffff 	addiu	s1,s1,-1
40000788:	12a00010 	beqz	s5,400007cc <kitoa.part.0+0xd8>
4000078c:	02711021 	addu	v0,s3,s1
40000790:	2403002d 	li	v1,45
40000794:	a0430000 	sb	v1,0(v0)
40000798:	8fbf002c 	lw	ra,44(sp)
4000079c:	02711021 	addu	v0,s3,s1
400007a0:	8fb50028 	lw	s5,40(sp)
400007a4:	8fb40024 	lw	s4,36(sp)
400007a8:	8fb30020 	lw	s3,32(sp)
400007ac:	8fb2001c 	lw	s2,28(sp)
400007b0:	8fb10018 	lw	s1,24(sp)
400007b4:	8fb00014 	lw	s0,20(sp)
400007b8:	03e00008 	jr	ra
400007bc:	27bd0030 	addiu	sp,sp,48
400007c0:	3c134000 	lui	s3,0x4000
400007c4:	2411001e 	li	s1,30
400007c8:	26733438 	addiu	s3,s3,13368
400007cc:	8fbf002c 	lw	ra,44(sp)
400007d0:	26310001 	addiu	s1,s1,1
400007d4:	02711021 	addu	v0,s3,s1
400007d8:	8fb50028 	lw	s5,40(sp)
400007dc:	8fb40024 	lw	s4,36(sp)
400007e0:	8fb30020 	lw	s3,32(sp)
400007e4:	8fb2001c 	lw	s2,28(sp)
400007e8:	8fb10018 	lw	s1,24(sp)
400007ec:	8fb00014 	lw	s0,20(sp)
400007f0:	03e00008 	jr	ra
400007f4:	27bd0030 	addiu	sp,sp,48
400007f8:	1080001f 	beqz	a0,40000878 <kitoa.part.0+0x184>
400007fc:	3c144000 	lui	s4,0x4000
40000800:	3c134000 	lui	s3,0x4000
40000804:	2411001e 	li	s1,30
40000808:	26733438 	addiu	s3,s3,13368
4000080c:	08000207 	j	4000081c <kitoa.part.0+0x128>
40000810:	26942a7c 	addiu	s4,s4,10876
40000814:	1220000e 	beqz	s1,40000850 <kitoa.part.0+0x15c>
40000818:	8fbf002c 	lw	ra,44(sp)
4000081c:	3202000f 	andi	v0,s0,0xf
40000820:	02821021 	addu	v0,s4,v0
40000824:	90430000 	lbu	v1,0(v0)
40000828:	00108102 	srl	s0,s0,0x4
4000082c:	02711021 	addu	v0,s3,s1
40000830:	a0430000 	sb	v1,0(v0)
40000834:	1600fff7 	bnez	s0,40000814 <kitoa.part.0+0x120>
40000838:	2631ffff 	addiu	s1,s1,-1
4000083c:	080001f4 	j	400007d0 <kitoa.part.0+0xdc>
40000840:	8fbf002c 	lw	ra,44(sp)
40000844:	00048023 	negu	s0,a0
40000848:	080001cd 	j	40000734 <kitoa.part.0+0x40>
4000084c:	24150001 	li	s5,1
40000850:	24110001 	li	s1,1
40000854:	02711021 	addu	v0,s3,s1
40000858:	8fb50028 	lw	s5,40(sp)
4000085c:	8fb40024 	lw	s4,36(sp)
40000860:	8fb30020 	lw	s3,32(sp)
40000864:	8fb2001c 	lw	s2,28(sp)
40000868:	8fb10018 	lw	s1,24(sp)
4000086c:	8fb00014 	lw	s0,20(sp)
40000870:	03e00008 	jr	ra
40000874:	27bd0030 	addiu	sp,sp,48
40000878:	3c134000 	lui	s3,0x4000
4000087c:	2411001f 	li	s1,31
40000880:	080001e6 	j	40000798 <kitoa.part.0+0xa4>
40000884:	26733438 	addiu	s3,s3,13368

40000888 <kprintf>:
40000888:	27bdffc0 	addiu	sp,sp,-64
4000088c:	27a20044 	addiu	v0,sp,68
40000890:	afbe0038 	sw	s8,56(sp)
40000894:	afb60030 	sw	s6,48(sp)
40000898:	afb40028 	sw	s4,40(sp)
4000089c:	afb30024 	sw	s3,36(sp)
400008a0:	afb20020 	sw	s2,32(sp)
400008a4:	afb1001c 	sw	s1,28(sp)
400008a8:	afb00018 	sw	s0,24(sp)
400008ac:	afbf003c 	sw	ra,60(sp)
400008b0:	afb70034 	sw	s7,52(sp)
400008b4:	afb5002c 	sw	s5,44(sp)
400008b8:	afa50044 	sw	a1,68(sp)
400008bc:	afa60048 	sw	a2,72(sp)
400008c0:	afa7004c 	sw	a3,76(sp)
400008c4:	00808021 	move	s0,a0
400008c8:	afa20010 	sw	v0,16(sp)
400008cc:	0040f021 	move	s8,v0
400008d0:	24110025 	li	s1,37
400008d4:	24120064 	li	s2,100
400008d8:	3c144000 	lui	s4,0x4000
400008dc:	24130073 	li	s3,115
400008e0:	3c164000 	lui	s6,0x4000
400008e4:	82040000 	lb	a0,0(s0)
400008e8:	10800008 	beqz	a0,4000090c <kprintf+0x84>
400008ec:	8fbf003c 	lw	ra,60(sp)
400008f0:	10910012 	beq	a0,s1,4000093c <kprintf+0xb4>
400008f4:	00000000 	nop
400008f8:	0c0000aa 	jal	400002a8 <putchar>
400008fc:	26100001 	addiu	s0,s0,1
40000900:	82040000 	lb	a0,0(s0)
40000904:	1480fffa 	bnez	a0,400008f0 <kprintf+0x68>
40000908:	8fbf003c 	lw	ra,60(sp)
4000090c:	00001021 	move	v0,zero
40000910:	8fbe0038 	lw	s8,56(sp)
40000914:	8fb70034 	lw	s7,52(sp)
40000918:	8fb60030 	lw	s6,48(sp)
4000091c:	8fb5002c 	lw	s5,44(sp)
40000920:	8fb40028 	lw	s4,40(sp)
40000924:	8fb30024 	lw	s3,36(sp)
40000928:	8fb20020 	lw	s2,32(sp)
4000092c:	8fb1001c 	lw	s1,28(sp)
40000930:	8fb00018 	lw	s0,24(sp)
40000934:	03e00008 	jr	ra
40000938:	27bd0040 	addiu	sp,sp,64
4000093c:	82020001 	lb	v0,1(s0)
40000940:	1052002c 	beq	v0,s2,400009f4 <kprintf+0x16c>
40000944:	28430065 	slti	v1,v0,101
40000948:	10600009 	beqz	v1,40000970 <kprintf+0xe8>
4000094c:	00000000 	nop
40000950:	1051003c 	beq	v0,s1,40000a44 <kprintf+0x1bc>
40000954:	24030063 	li	v1,99
40000958:	10430034 	beq	v0,v1,40000a2c <kprintf+0x1a4>
4000095c:	00000000 	nop
40000960:	0c0000aa 	jal	400002a8 <putchar>
40000964:	2404003f 	li	a0,63
40000968:	08000239 	j	400008e4 <kprintf+0x5c>
4000096c:	26100002 	addiu	s0,s0,2
40000970:	10530011 	beq	v0,s3,400009b8 <kprintf+0x130>
40000974:	24030078 	li	v1,120
40000978:	1443fff9 	bne	v0,v1,40000960 <kprintf+0xd8>
4000097c:	27d50004 	addiu	s5,s8,4
40000980:	8fc40000 	lw	a0,0(s8)
40000984:	14800033 	bnez	a0,40000a54 <kprintf+0x1cc>
40000988:	26972a90 	addiu	s7,s4,10896
4000098c:	82e40000 	lb	a0,0(s7)
40000990:	1080fff5 	beqz	a0,40000968 <kprintf+0xe0>
40000994:	02a0f021 	move	s8,s5
40000998:	0c0000aa 	jal	400002a8 <putchar>
4000099c:	26f70001 	addiu	s7,s7,1
400009a0:	82e40000 	lb	a0,0(s7)
400009a4:	1480fffc 	bnez	a0,40000998 <kprintf+0x110>
400009a8:	00000000 	nop
400009ac:	02a0f021 	move	s8,s5
400009b0:	08000239 	j	400008e4 <kprintf+0x5c>
400009b4:	26100002 	addiu	s0,s0,2
400009b8:	8fd50000 	lw	s5,0(s8)
400009bc:	12a0002d 	beqz	s5,40000a74 <kprintf+0x1ec>
400009c0:	27d70004 	addiu	s7,s8,4
400009c4:	82a40000 	lb	a0,0(s5)
400009c8:	1080ffe7 	beqz	a0,40000968 <kprintf+0xe0>
400009cc:	02e0f021 	move	s8,s7
400009d0:	26b50001 	addiu	s5,s5,1
400009d4:	0c0000aa 	jal	400002a8 <putchar>
400009d8:	26b50001 	addiu	s5,s5,1
400009dc:	82a4ffff 	lb	a0,-1(s5)
400009e0:	1480fffc 	bnez	a0,400009d4 <kprintf+0x14c>
400009e4:	00000000 	nop
400009e8:	02e0f021 	move	s8,s7
400009ec:	08000239 	j	400008e4 <kprintf+0x5c>
400009f0:	26100002 	addiu	s0,s0,2
400009f4:	8fc40000 	lw	a0,0(s8)
400009f8:	27d50004 	addiu	s5,s8,4
400009fc:	14800019 	bnez	a0,40000a64 <kprintf+0x1dc>
40000a00:	26972a90 	addiu	s7,s4,10896
40000a04:	82e40000 	lb	a0,0(s7)
40000a08:	1080ffd7 	beqz	a0,40000968 <kprintf+0xe0>
40000a0c:	02a0f021 	move	s8,s5
40000a10:	0c0000aa 	jal	400002a8 <putchar>
40000a14:	26f70001 	addiu	s7,s7,1
40000a18:	82e40000 	lb	a0,0(s7)
40000a1c:	1480fffc 	bnez	a0,40000a10 <kprintf+0x188>
40000a20:	00000000 	nop
40000a24:	0800026c 	j	400009b0 <kprintf+0x128>
40000a28:	02a0f021 	move	s8,s5
40000a2c:	83c40003 	lb	a0,3(s8)
40000a30:	26100002 	addiu	s0,s0,2
40000a34:	0c0000aa 	jal	400002a8 <putchar>
40000a38:	27de0004 	addiu	s8,s8,4
40000a3c:	0800023a 	j	400008e8 <kprintf+0x60>
40000a40:	82040000 	lb	a0,0(s0)
40000a44:	0c0000aa 	jal	400002a8 <putchar>
40000a48:	24040025 	li	a0,37
40000a4c:	08000239 	j	400008e4 <kprintf+0x5c>
40000a50:	26100002 	addiu	s0,s0,2
40000a54:	0c0001bd 	jal	400006f4 <kitoa.part.0>
40000a58:	24050010 	li	a1,16
40000a5c:	08000263 	j	4000098c <kprintf+0x104>
40000a60:	0040b821 	move	s7,v0
40000a64:	0c0001bd 	jal	400006f4 <kitoa.part.0>
40000a68:	2405000a 	li	a1,10
40000a6c:	08000281 	j	40000a04 <kprintf+0x17c>
40000a70:	0040b821 	move	s7,v0
40000a74:	08000271 	j	400009c4 <kprintf+0x13c>
40000a78:	26d52a94 	addiu	s5,s6,10900

40000a7c <dprintf>:
40000a7c:	27bdffc0 	addiu	sp,sp,-64
40000a80:	afb00018 	sw	s0,24(sp)
40000a84:	00808021 	move	s0,a0
40000a88:	00002021 	move	a0,zero
40000a8c:	afbe0038 	sw	s8,56(sp)
40000a90:	afb60030 	sw	s6,48(sp)
40000a94:	afb40028 	sw	s4,40(sp)
40000a98:	afb30024 	sw	s3,36(sp)
40000a9c:	afb20020 	sw	s2,32(sp)
40000aa0:	afb1001c 	sw	s1,28(sp)
40000aa4:	afbf003c 	sw	ra,60(sp)
40000aa8:	afb70034 	sw	s7,52(sp)
40000aac:	afb5002c 	sw	s5,44(sp)
40000ab0:	afa50044 	sw	a1,68(sp)
40000ab4:	afa60048 	sw	a2,72(sp)
40000ab8:	afa7004c 	sw	a3,76(sp)
40000abc:	0c000082 	jal	40000208 <_interrupt_set>
40000ac0:	27be0044 	addiu	s8,sp,68
40000ac4:	afa20010 	sw	v0,16(sp)
40000ac8:	afbe0014 	sw	s8,20(sp)
40000acc:	24110025 	li	s1,37
40000ad0:	24120064 	li	s2,100
40000ad4:	3c144000 	lui	s4,0x4000
40000ad8:	24130073 	li	s3,115
40000adc:	3c164000 	lui	s6,0x4000
40000ae0:	82040000 	lb	a0,0(s0)
40000ae4:	10800008 	beqz	a0,40000b08 <dprintf+0x8c>
40000ae8:	00000000 	nop
40000aec:	10910016 	beq	a0,s1,40000b48 <dprintf+0xcc>
40000af0:	00000000 	nop
40000af4:	0c0000b2 	jal	400002c8 <dputchar>
40000af8:	26100001 	addiu	s0,s0,1
40000afc:	82040000 	lb	a0,0(s0)
40000b00:	1480fffa 	bnez	a0,40000aec <dprintf+0x70>
40000b04:	00000000 	nop
40000b08:	8fa40010 	lw	a0,16(sp)
40000b0c:	0c000082 	jal	40000208 <_interrupt_set>
40000b10:	00000000 	nop
40000b14:	8fbf003c 	lw	ra,60(sp)
40000b18:	00001021 	move	v0,zero
40000b1c:	8fbe0038 	lw	s8,56(sp)
40000b20:	8fb70034 	lw	s7,52(sp)
40000b24:	8fb60030 	lw	s6,48(sp)
40000b28:	8fb5002c 	lw	s5,44(sp)
40000b2c:	8fb40028 	lw	s4,40(sp)
40000b30:	8fb30024 	lw	s3,36(sp)
40000b34:	8fb20020 	lw	s2,32(sp)
40000b38:	8fb1001c 	lw	s1,28(sp)
40000b3c:	8fb00018 	lw	s0,24(sp)
40000b40:	03e00008 	jr	ra
40000b44:	27bd0040 	addiu	sp,sp,64
40000b48:	82020001 	lb	v0,1(s0)
40000b4c:	1052002c 	beq	v0,s2,40000c00 <dprintf+0x184>
40000b50:	28430065 	slti	v1,v0,101
40000b54:	10600009 	beqz	v1,40000b7c <dprintf+0x100>
40000b58:	00000000 	nop
40000b5c:	1051003c 	beq	v0,s1,40000c50 <dprintf+0x1d4>
40000b60:	24030063 	li	v1,99
40000b64:	10430034 	beq	v0,v1,40000c38 <dprintf+0x1bc>
40000b68:	00000000 	nop
40000b6c:	0c0000b2 	jal	400002c8 <dputchar>
40000b70:	2404003f 	li	a0,63
40000b74:	080002b8 	j	40000ae0 <dprintf+0x64>
40000b78:	26100002 	addiu	s0,s0,2
40000b7c:	10530011 	beq	v0,s3,40000bc4 <dprintf+0x148>
40000b80:	24030078 	li	v1,120
40000b84:	1443fff9 	bne	v0,v1,40000b6c <dprintf+0xf0>
40000b88:	27d50004 	addiu	s5,s8,4
40000b8c:	8fc40000 	lw	a0,0(s8)
40000b90:	14800033 	bnez	a0,40000c60 <dprintf+0x1e4>
40000b94:	26972a90 	addiu	s7,s4,10896
40000b98:	82e40000 	lb	a0,0(s7)
40000b9c:	1080fff5 	beqz	a0,40000b74 <dprintf+0xf8>
40000ba0:	02a0f021 	move	s8,s5
40000ba4:	0c0000b2 	jal	400002c8 <dputchar>
40000ba8:	26f70001 	addiu	s7,s7,1
40000bac:	82e40000 	lb	a0,0(s7)
40000bb0:	1480fffc 	bnez	a0,40000ba4 <dprintf+0x128>
40000bb4:	00000000 	nop
40000bb8:	02a0f021 	move	s8,s5
40000bbc:	080002b8 	j	40000ae0 <dprintf+0x64>
40000bc0:	26100002 	addiu	s0,s0,2
40000bc4:	8fd50000 	lw	s5,0(s8)
40000bc8:	12a0002d 	beqz	s5,40000c80 <dprintf+0x204>
40000bcc:	27d70004 	addiu	s7,s8,4
40000bd0:	82a40000 	lb	a0,0(s5)
40000bd4:	1080ffe7 	beqz	a0,40000b74 <dprintf+0xf8>
40000bd8:	02e0f021 	move	s8,s7
40000bdc:	26b50001 	addiu	s5,s5,1
40000be0:	0c0000b2 	jal	400002c8 <dputchar>
40000be4:	26b50001 	addiu	s5,s5,1
40000be8:	82a4ffff 	lb	a0,-1(s5)
40000bec:	1480fffc 	bnez	a0,40000be0 <dprintf+0x164>
40000bf0:	00000000 	nop
40000bf4:	02e0f021 	move	s8,s7
40000bf8:	080002b8 	j	40000ae0 <dprintf+0x64>
40000bfc:	26100002 	addiu	s0,s0,2
40000c00:	8fc40000 	lw	a0,0(s8)
40000c04:	27d50004 	addiu	s5,s8,4
40000c08:	14800019 	bnez	a0,40000c70 <dprintf+0x1f4>
40000c0c:	26972a90 	addiu	s7,s4,10896
40000c10:	82e40000 	lb	a0,0(s7)
40000c14:	1080ffd7 	beqz	a0,40000b74 <dprintf+0xf8>
40000c18:	02a0f021 	move	s8,s5
40000c1c:	0c0000b2 	jal	400002c8 <dputchar>
40000c20:	26f70001 	addiu	s7,s7,1
40000c24:	82e40000 	lb	a0,0(s7)
40000c28:	1480fffc 	bnez	a0,40000c1c <dprintf+0x1a0>
40000c2c:	00000000 	nop
40000c30:	080002ef 	j	40000bbc <dprintf+0x140>
40000c34:	02a0f021 	move	s8,s5
40000c38:	83c40003 	lb	a0,3(s8)
40000c3c:	26100002 	addiu	s0,s0,2
40000c40:	0c0000aa 	jal	400002a8 <putchar>
40000c44:	27de0004 	addiu	s8,s8,4
40000c48:	080002b9 	j	40000ae4 <dprintf+0x68>
40000c4c:	82040000 	lb	a0,0(s0)
40000c50:	0c0000b2 	jal	400002c8 <dputchar>
40000c54:	24040025 	li	a0,37
40000c58:	080002b8 	j	40000ae0 <dprintf+0x64>
40000c5c:	26100002 	addiu	s0,s0,2
40000c60:	0c0001bd 	jal	400006f4 <kitoa.part.0>
40000c64:	24050010 	li	a1,16
40000c68:	080002e6 	j	40000b98 <dprintf+0x11c>
40000c6c:	0040b821 	move	s7,v0
40000c70:	0c0001bd 	jal	400006f4 <kitoa.part.0>
40000c74:	2405000a 	li	a1,10
40000c78:	08000304 	j	40000c10 <dprintf+0x194>
40000c7c:	0040b821 	move	s7,v0
40000c80:	080002f4 	j	40000bd0 <dprintf+0x154>
40000c84:	26d52a94 	addiu	s5,s6,10900

40000c88 <printchar>:
40000c88:	10800007 	beqz	a0,40000ca8 <printchar+0x20>
40000c8c:	00000000 	nop
40000c90:	8c820000 	lw	v0,0(a0)
40000c94:	a0450000 	sb	a1,0(v0)
40000c98:	8c820000 	lw	v0,0(a0)
40000c9c:	24420001 	addiu	v0,v0,1
40000ca0:	03e00008 	jr	ra
40000ca4:	ac820000 	sw	v0,0(a0)
40000ca8:	14a00003 	bnez	a1,40000cb8 <printchar+0x30>
40000cac:	00000000 	nop
40000cb0:	03e00008 	jr	ra
40000cb4:	00000000 	nop
40000cb8:	080000aa 	j	400002a8 <putchar>
40000cbc:	00a02021 	move	a0,a1

40000cc0 <vsprintf>:
40000cc0:	27bdffb8 	addiu	sp,sp,-72
40000cc4:	afb20028 	sw	s2,40(sp)
40000cc8:	afb00020 	sw	s0,32(sp)
40000ccc:	afbf0044 	sw	ra,68(sp)
40000cd0:	afbe0040 	sw	s8,64(sp)
40000cd4:	afb7003c 	sw	s7,60(sp)
40000cd8:	afb60038 	sw	s6,56(sp)
40000cdc:	afb50034 	sw	s5,52(sp)
40000ce0:	afb40030 	sw	s4,48(sp)
40000ce4:	afb3002c 	sw	s3,44(sp)
40000ce8:	afb10024 	sw	s1,36(sp)
40000cec:	00a09021 	move	s2,a1
40000cf0:	80a50000 	lb	a1,0(a1)
40000cf4:	00808021 	move	s0,a0
40000cf8:	14a00008 	bnez	a1,40000d1c <vsprintf+0x5c>
40000cfc:	afa60050 	sw	a2,80(sp)
40000d00:	08000393 	j	40000e4c <vsprintf+0x18c>
40000d04:	02002021 	move	a0,s0
40000d08:	0c000322 	jal	40000c88 <printchar>
40000d0c:	02002021 	move	a0,s0
40000d10:	82450001 	lb	a1,1(s2)
40000d14:	10a0004c 	beqz	a1,40000e48 <vsprintf+0x188>
40000d18:	26520001 	addiu	s2,s2,1
40000d1c:	24020025 	li	v0,37
40000d20:	14a2fff9 	bne	a1,v0,40000d08 <vsprintf+0x48>
40000d24:	24030030 	li	v1,48
40000d28:	82420001 	lb	v0,1(s2)
40000d2c:	104300a0 	beq	v0,v1,40000fb0 <vsprintf+0x2f0>
40000d30:	24170030 	li	s7,48
40000d34:	26520001 	addiu	s2,s2,1
40000d38:	24170020 	li	s7,32
40000d3c:	2443ffd0 	addiu	v1,v0,-48
40000d40:	306300ff 	andi	v1,v1,0xff
40000d44:	2c63000a 	sltiu	v1,v1,10
40000d48:	1060000d 	beqz	v1,40000d80 <vsprintf+0xc0>
40000d4c:	2411ffff 	li	s1,-1
40000d50:	00008821 	move	s1,zero
40000d54:	00111840 	sll	v1,s1,0x1
40000d58:	001188c0 	sll	s1,s1,0x3
40000d5c:	00718821 	addu	s1,v1,s1
40000d60:	26520001 	addiu	s2,s2,1
40000d64:	02228821 	addu	s1,s1,v0
40000d68:	82420000 	lb	v0,0(s2)
40000d6c:	2443ffd0 	addiu	v1,v0,-48
40000d70:	306300ff 	andi	v1,v1,0xff
40000d74:	2c63000a 	sltiu	v1,v1,10
40000d78:	1460fff6 	bnez	v1,40000d54 <vsprintf+0x94>
40000d7c:	2631ffd0 	addiu	s1,s1,-48
40000d80:	2403006c 	li	v1,108
40000d84:	10430087 	beq	v0,v1,40000fa4 <vsprintf+0x2e4>
40000d88:	00000000 	nop
40000d8c:	2442ffa8 	addiu	v0,v0,-88
40000d90:	304200ff 	andi	v0,v0,0xff
40000d94:	2c430021 	sltiu	v1,v0,33
40000d98:	1060ffdd 	beqz	v1,40000d10 <vsprintf+0x50>
40000d9c:	3c034000 	lui	v1,0x4000
40000da0:	00021080 	sll	v0,v0,0x2
40000da4:	24632b00 	addiu	v1,v1,11008
40000da8:	00621021 	addu	v0,v1,v0
40000dac:	8c420000 	lw	v0,0(v0)
40000db0:	00400008 	jr	v0
40000db4:	00000000 	nop
40000db8:	2416000a 	li	s6,10
40000dbc:	8fa30050 	lw	v1,80(sp)
40000dc0:	8c740000 	lw	s4,0(v1)
40000dc4:	24730004 	addiu	s3,v1,4
40000dc8:	1680007c 	bnez	s4,40000fbc <vsprintf+0x2fc>
40000dcc:	24020030 	li	v0,48
40000dd0:	afb30050 	sw	s3,80(sp)
40000dd4:	a3a20010 	sb	v0,16(sp)
40000dd8:	0000a821 	move	s5,zero
40000ddc:	24130001 	li	s3,1
40000de0:	27be0010 	addiu	s8,sp,16
40000de4:	02339823 	subu	s3,s1,s3
40000de8:	1a60000b 	blez	s3,40000e18 <vsprintf+0x158>
40000dec:	24020001 	li	v0,1
40000df0:	2673ffff 	addiu	s3,s3,-1
40000df4:	2414ffff 	li	s4,-1
40000df8:	2673ffff 	addiu	s3,s3,-1
40000dfc:	02002021 	move	a0,s0
40000e00:	0c000322 	jal	40000c88 <printchar>
40000e04:	02e02821 	move	a1,s7
40000e08:	1674fffc 	bne	s3,s4,40000dfc <vsprintf+0x13c>
40000e0c:	2673ffff 	addiu	s3,s3,-1
40000e10:	26730001 	addiu	s3,s3,1
40000e14:	24020001 	li	v0,1
40000e18:	03d58821 	addu	s1,s8,s5
40000e1c:	005ef023 	subu	s8,v0,s8
40000e20:	82250000 	lb	a1,0(s1)
40000e24:	02002021 	move	a0,s0
40000e28:	0c000322 	jal	40000c88 <printchar>
40000e2c:	2631ffff 	addiu	s1,s1,-1
40000e30:	03d11021 	addu	v0,s8,s1
40000e34:	1c40fffa 	bgtz	v0,40000e20 <vsprintf+0x160>
40000e38:	00000000 	nop
40000e3c:	82450001 	lb	a1,1(s2)
40000e40:	14a0ffb6 	bnez	a1,40000d1c <vsprintf+0x5c>
40000e44:	26520001 	addiu	s2,s2,1
40000e48:	02002021 	move	a0,s0
40000e4c:	0c000322 	jal	40000c88 <printchar>
40000e50:	00002821 	move	a1,zero
40000e54:	8fbf0044 	lw	ra,68(sp)
40000e58:	00001021 	move	v0,zero
40000e5c:	8fbe0040 	lw	s8,64(sp)
40000e60:	8fb7003c 	lw	s7,60(sp)
40000e64:	8fb60038 	lw	s6,56(sp)
40000e68:	8fb50034 	lw	s5,52(sp)
40000e6c:	8fb40030 	lw	s4,48(sp)
40000e70:	8fb3002c 	lw	s3,44(sp)
40000e74:	8fb20028 	lw	s2,40(sp)
40000e78:	8fb10024 	lw	s1,36(sp)
40000e7c:	8fb00020 	lw	s0,32(sp)
40000e80:	03e00008 	jr	ra
40000e84:	27bd0048 	addiu	sp,sp,72
40000e88:	8fa30050 	lw	v1,80(sp)
40000e8c:	8c730000 	lw	s3,0(v1)
40000e90:	1260004c 	beqz	s3,40000fc4 <vsprintf+0x304>
40000e94:	24750004 	addiu	s5,v1,4
40000e98:	82650000 	lb	a1,0(s3)
40000e9c:	10a0000c 	beqz	a1,40000ed0 <vsprintf+0x210>
40000ea0:	00000000 	nop
40000ea4:	12200014 	beqz	s1,40000ef8 <vsprintf+0x238>
40000ea8:	00000000 	nop
40000eac:	080003af 	j	40000ebc <vsprintf+0x1fc>
40000eb0:	26730001 	addiu	s3,s3,1
40000eb4:	12200010 	beqz	s1,40000ef8 <vsprintf+0x238>
40000eb8:	26730001 	addiu	s3,s3,1
40000ebc:	0c000322 	jal	40000c88 <printchar>
40000ec0:	02002021 	move	a0,s0
40000ec4:	82650000 	lb	a1,0(s3)
40000ec8:	14a0fffa 	bnez	a1,40000eb4 <vsprintf+0x1f4>
40000ecc:	2631ffff 	addiu	s1,s1,-1
40000ed0:	2633ffff 	addiu	s3,s1,-1
40000ed4:	1a200008 	blez	s1,40000ef8 <vsprintf+0x238>
40000ed8:	2414ffff 	li	s4,-1
40000edc:	2673ffff 	addiu	s3,s3,-1
40000ee0:	02002021 	move	a0,s0
40000ee4:	0c000322 	jal	40000c88 <printchar>
40000ee8:	02e02821 	move	a1,s7
40000eec:	1674fffc 	bne	s3,s4,40000ee0 <vsprintf+0x220>
40000ef0:	2673ffff 	addiu	s3,s3,-1
40000ef4:	26730001 	addiu	s3,s3,1
40000ef8:	08000344 	j	40000d10 <vsprintf+0x50>
40000efc:	afb50050 	sw	s5,80(sp)
40000f00:	8fa30050 	lw	v1,80(sp)
40000f04:	2416000a 	li	s6,10
40000f08:	8c740000 	lw	s4,0(v1)
40000f0c:	0681ffae 	bgez	s4,40000dc8 <vsprintf+0x108>
40000f10:	24730004 	addiu	s3,v1,4
40000f14:	02002021 	move	a0,s0
40000f18:	0c000322 	jal	40000c88 <printchar>
40000f1c:	2405002d 	li	a1,45
40000f20:	0014a023 	negu	s4,s4
40000f24:	2631ffff 	addiu	s1,s1,-1
40000f28:	afb30050 	sw	s3,80(sp)
40000f2c:	2416000a 	li	s6,10
40000f30:	00009821 	move	s3,zero
40000f34:	27be0010 	addiu	s8,sp,16
40000f38:	02802021 	move	a0,s4
40000f3c:	0280a821 	move	s5,s4
40000f40:	0c000476 	jal	400011d8 <__udivsi3>
40000f44:	02c02821 	move	a1,s6
40000f48:	02a02021 	move	a0,s5
40000f4c:	02c02821 	move	a1,s6
40000f50:	0c000478 	jal	400011e0 <__umodsi3>
40000f54:	0040a021 	move	s4,v0
40000f58:	3c034000 	lui	v1,0x4000
40000f5c:	24632a7c 	addiu	v1,v1,10876
40000f60:	00621021 	addu	v0,v1,v0
40000f64:	90430000 	lbu	v1,0(v0)
40000f68:	03d31021 	addu	v0,s8,s3
40000f6c:	26730001 	addiu	s3,s3,1
40000f70:	1680fff1 	bnez	s4,40000f38 <vsprintf+0x278>
40000f74:	a0430000 	sb	v1,0(v0)
40000f78:	08000379 	j	40000de4 <vsprintf+0x124>
40000f7c:	2675ffff 	addiu	s5,s3,-1
40000f80:	8fa30050 	lw	v1,80(sp)
40000f84:	02002021 	move	a0,s0
40000f88:	80650003 	lb	a1,3(v1)
40000f8c:	0c000322 	jal	40000c88 <printchar>
40000f90:	24710004 	addiu	s1,v1,4
40000f94:	08000344 	j	40000d10 <vsprintf+0x50>
40000f98:	afb10050 	sw	s1,80(sp)
40000f9c:	0800036f 	j	40000dbc <vsprintf+0xfc>
40000fa0:	24160010 	li	s6,16
40000fa4:	82420001 	lb	v0,1(s2)
40000fa8:	08000363 	j	40000d8c <vsprintf+0xcc>
40000fac:	26520001 	addiu	s2,s2,1
40000fb0:	82420002 	lb	v0,2(s2)
40000fb4:	0800034f 	j	40000d3c <vsprintf+0x7c>
40000fb8:	26520002 	addiu	s2,s2,2
40000fbc:	080003cc 	j	40000f30 <vsprintf+0x270>
40000fc0:	afb30050 	sw	s3,80(sp)
40000fc4:	3c024000 	lui	v0,0x4000
40000fc8:	080003a6 	j	40000e98 <vsprintf+0x1d8>
40000fcc:	24532a9c 	addiu	s3,v0,10908

40000fd0 <strncpy>:
40000fd0:	18c0000e 	blez	a2,4000100c <strncpy+0x3c>
40000fd4:	00801021 	move	v0,a0
40000fd8:	80a40000 	lb	a0,0(a1)
40000fdc:	24430001 	addiu	v1,v0,1
40000fe0:	10800017 	beqz	a0,40001040 <strncpy+0x70>
40000fe4:	a0440000 	sb	a0,0(v0)
40000fe8:	08000400 	j	40001000 <strncpy+0x30>
40000fec:	00002021 	move	a0,zero
40000ff0:	80e70000 	lb	a3,0(a3)
40000ff4:	a0670000 	sb	a3,0(v1)
40000ff8:	10e00006 	beqz	a3,40001014 <strncpy+0x44>
40000ffc:	24630001 	addiu	v1,v1,1
40001000:	24840001 	addiu	a0,a0,1
40001004:	1486fffa 	bne	a0,a2,40000ff0 <strncpy+0x20>
40001008:	00a43821 	addu	a3,a1,a0
4000100c:	03e00008 	jr	ra
40001010:	00000000 	nop
40001014:	24840001 	addiu	a0,a0,1
40001018:	0086282a 	slt	a1,a0,a2
4000101c:	10a0fffb 	beqz	a1,4000100c <strncpy+0x3c>
40001020:	00663021 	addu	a2,v1,a2
40001024:	00c42023 	subu	a0,a2,a0
40001028:	a0600000 	sb	zero,0(v1)
4000102c:	24630001 	addiu	v1,v1,1
40001030:	1464fffd 	bne	v1,a0,40001028 <strncpy+0x58>
40001034:	00000000 	nop
40001038:	03e00008 	jr	ra
4000103c:	00000000 	nop
40001040:	08000406 	j	40001018 <strncpy+0x48>
40001044:	24040001 	li	a0,1

40001048 <memset>:
40001048:	10c00007 	beqz	a2,40001068 <memset+0x20>
4000104c:	00801021 	move	v0,a0
40001050:	30a500ff 	andi	a1,a1,0xff
40001054:	00801821 	move	v1,a0
40001058:	24c6ffff 	addiu	a2,a2,-1
4000105c:	a0650000 	sb	a1,0(v1)
40001060:	14c0fffd 	bnez	a2,40001058 <memset+0x10>
40001064:	24630001 	addiu	v1,v1,1
40001068:	03e00008 	jr	ra
4000106c:	00000000 	nop

40001070 <printf>:
40001070:	27bdffe0 	addiu	sp,sp,-32
40001074:	27a20024 	addiu	v0,sp,36
40001078:	00801821 	move	v1,a0
4000107c:	afa50024 	sw	a1,36(sp)
40001080:	afa60028 	sw	a2,40(sp)
40001084:	00002021 	move	a0,zero
40001088:	00602821 	move	a1,v1
4000108c:	00403021 	move	a2,v0
40001090:	afbf001c 	sw	ra,28(sp)
40001094:	afa7002c 	sw	a3,44(sp)
40001098:	0c000330 	jal	40000cc0 <vsprintf>
4000109c:	afa20010 	sw	v0,16(sp)
400010a0:	8fbf001c 	lw	ra,28(sp)
400010a4:	03e00008 	jr	ra
400010a8:	27bd0020 	addiu	sp,sp,32

400010ac <__udivmodsi4>:
400010ac:	00a4182b 	sltu	v1,a1,a0
400010b0:	1060001e 	beqz	v1,4000112c <__udivmodsi4+0x80>
400010b4:	00801021 	move	v0,a0
400010b8:	04a0001c 	bltz	a1,4000112c <__udivmodsi4+0x80>
400010bc:	24040020 	li	a0,32
400010c0:	08000436 	j	400010d8 <__udivmodsi4+0x2c>
400010c4:	24030001 	li	v1,1
400010c8:	10800013 	beqz	a0,40001118 <__udivmodsi4+0x6c>
400010cc:	00003821 	move	a3,zero
400010d0:	04a00009 	bltz	a1,400010f8 <__udivmodsi4+0x4c>
400010d4:	00000000 	nop
400010d8:	00052840 	sll	a1,a1,0x1
400010dc:	00a2382b 	sltu	a3,a1,v0
400010e0:	2484ffff 	addiu	a0,a0,-1
400010e4:	14e0fff8 	bnez	a3,400010c8 <__udivmodsi4+0x1c>
400010e8:	00031840 	sll	v1,v1,0x1
400010ec:	1060000a 	beqz	v1,40001118 <__udivmodsi4+0x6c>
400010f0:	00003821 	move	a3,zero
400010f4:	00003821 	move	a3,zero
400010f8:	0045202b 	sltu	a0,v0,a1
400010fc:	14800003 	bnez	a0,4000110c <__udivmodsi4+0x60>
40001100:	00000000 	nop
40001104:	00451023 	subu	v0,v0,a1
40001108:	00e33825 	or	a3,a3,v1
4000110c:	00031842 	srl	v1,v1,0x1
40001110:	1460fff9 	bnez	v1,400010f8 <__udivmodsi4+0x4c>
40001114:	00052842 	srl	a1,a1,0x1
40001118:	14c00002 	bnez	a2,40001124 <__udivmodsi4+0x78>
4000111c:	00000000 	nop
40001120:	00e01021 	move	v0,a3
40001124:	03e00008 	jr	ra
40001128:	00000000 	nop
4000112c:	0800043d 	j	400010f4 <__udivmodsi4+0x48>
40001130:	24030001 	li	v1,1

40001134 <__divsi3>:
40001134:	27bdffe8 	addiu	sp,sp,-24
40001138:	afb00010 	sw	s0,16(sp)
4000113c:	afbf0014 	sw	ra,20(sp)
40001140:	0480000b 	bltz	a0,40001170 <__divsi3+0x3c>
40001144:	00008021 	move	s0,zero
40001148:	04a0000c 	bltz	a1,4000117c <__divsi3+0x48>
4000114c:	00000000 	nop
40001150:	0c00042b 	jal	400010ac <__udivmodsi4>
40001154:	00003021 	move	a2,zero
40001158:	12000002 	beqz	s0,40001164 <__divsi3+0x30>
4000115c:	8fbf0014 	lw	ra,20(sp)
40001160:	00021023 	negu	v0,v0
40001164:	8fb00010 	lw	s0,16(sp)
40001168:	03e00008 	jr	ra
4000116c:	27bd0018 	addiu	sp,sp,24
40001170:	00042023 	negu	a0,a0
40001174:	04a1fff6 	bgez	a1,40001150 <__divsi3+0x1c>
40001178:	24100001 	li	s0,1
4000117c:	00052823 	negu	a1,a1
40001180:	08000454 	j	40001150 <__divsi3+0x1c>
40001184:	3a100001 	xori	s0,s0,0x1

40001188 <__modsi3>:
40001188:	27bdffe8 	addiu	sp,sp,-24
4000118c:	04800008 	bltz	a0,400011b0 <__modsi3+0x28>
40001190:	afbf0014 	sw	ra,20(sp)
40001194:	000517c3 	sra	v0,a1,0x1f
40001198:	00452826 	xor	a1,v0,a1
4000119c:	8fbf0014 	lw	ra,20(sp)
400011a0:	00a22823 	subu	a1,a1,v0
400011a4:	24060001 	li	a2,1
400011a8:	0800042b 	j	400010ac <__udivmodsi4>
400011ac:	27bd0018 	addiu	sp,sp,24
400011b0:	00051fc3 	sra	v1,a1,0x1f
400011b4:	00652826 	xor	a1,v1,a1
400011b8:	00042023 	negu	a0,a0
400011bc:	00a32823 	subu	a1,a1,v1
400011c0:	0c00042b 	jal	400010ac <__udivmodsi4>
400011c4:	24060001 	li	a2,1
400011c8:	8fbf0014 	lw	ra,20(sp)
400011cc:	00021023 	negu	v0,v0
400011d0:	03e00008 	jr	ra
400011d4:	27bd0018 	addiu	sp,sp,24

400011d8 <__udivsi3>:
400011d8:	0800042b 	j	400010ac <__udivmodsi4>
400011dc:	00003021 	move	a2,zero

400011e0 <__umodsi3>:
400011e0:	0800042b 	j	400010ac <__udivmodsi4>
400011e4:	24060001 	li	a2,1

400011e8 <__udivmoddi4>:
400011e8:	27bdfff8 	addiu	sp,sp,-8
400011ec:	00c74025 	or	t0,a2,a3
400011f0:	afb10004 	sw	s1,4(sp)
400011f4:	afb00000 	sw	s0,0(sp)
400011f8:	8fb80018 	lw	t8,24(sp)
400011fc:	24030001 	li	v1,1
40001200:	11000032 	beqz	t0,400012cc <__udivmoddi4+0xe4>
40001204:	00001021 	move	v0,zero
40001208:	24090001 	li	t1,1
4000120c:	04c0000e 	bltz	a2,40001248 <__udivmoddi4+0x60>
40001210:	00004021 	move	t0,zero
40001214:	00075fc2 	srl	t3,a3,0x1f
40001218:	00063040 	sll	a2,a2,0x1
4000121c:	000957c2 	srl	t2,t1,0x1f
40001220:	00081840 	sll	v1,t0,0x1
40001224:	00091040 	sll	v0,t1,0x1
40001228:	01663025 	or	a2,t3,a2
4000122c:	01434025 	or	t0,t2,v1
40001230:	00073840 	sll	a3,a3,0x1
40001234:	04c1fff7 	bgez	a2,40001214 <__udivmoddi4+0x2c>
40001238:	00404821 	move	t1,v0
4000123c:	00481025 	or	v0,v0,t0
40001240:	10400026 	beqz	v0,400012dc <__udivmoddi4+0xf4>
40001244:	00001821 	move	v1,zero
40001248:	00001821 	move	v1,zero
4000124c:	00001021 	move	v0,zero
40001250:	0086782b 	sltu	t7,a0,a2
40001254:	00087042 	srl	t6,t0,0x1
40001258:	00086fc0 	sll	t5,t0,0x1f
4000125c:	00095042 	srl	t2,t1,0x1
40001260:	000667c0 	sll	t4,a2,0x1f
40001264:	15e0000f 	bnez	t7,400012a4 <__udivmoddi4+0xbc>
40001268:	00075842 	srl	t3,a3,0x1
4000126c:	00a77823 	subu	t7,a1,a3
40001270:	00694821 	addu	t1,v1,t1
40001274:	00484021 	addu	t0,v0,t0
40001278:	0123882b 	sltu	s1,t1,v1
4000127c:	00afc82b 	sltu	t9,a1,t7
40001280:	00868023 	subu	s0,a0,a2
40001284:	14c40003 	bne	a2,a0,40001294 <__udivmoddi4+0xac>
40001288:	00a7382b 	sltu	a3,a1,a3
4000128c:	14e00005 	bnez	a3,400012a4 <__udivmoddi4+0xbc>
40001290:	00000000 	nop
40001294:	02281021 	addu	v0,s1,t0
40001298:	02192023 	subu	a0,s0,t9
4000129c:	01e02821 	move	a1,t7
400012a0:	01201821 	move	v1,t1
400012a4:	01aa4825 	or	t1,t5,t2
400012a8:	01c95025 	or	t2,t6,t1
400012ac:	01c04021 	move	t0,t6
400012b0:	00063042 	srl	a2,a2,0x1
400012b4:	1540ffe6 	bnez	t2,40001250 <__udivmoddi4+0x68>
400012b8:	018b3825 	or	a3,t4,t3
400012bc:	13000004 	beqz	t8,400012d0 <__udivmoddi4+0xe8>
400012c0:	8fb10004 	lw	s1,4(sp)
400012c4:	af040000 	sw	a0,0(t8)
400012c8:	af050004 	sw	a1,4(t8)
400012cc:	8fb10004 	lw	s1,4(sp)
400012d0:	8fb00000 	lw	s0,0(sp)
400012d4:	03e00008 	jr	ra
400012d8:	27bd0008 	addiu	sp,sp,8
400012dc:	080004af 	j	400012bc <__udivmoddi4+0xd4>
400012e0:	00001021 	move	v0,zero

400012e4 <__udivdi3>:
400012e4:	27bdffe0 	addiu	sp,sp,-32
400012e8:	afbf001c 	sw	ra,28(sp)
400012ec:	0c00047a 	jal	400011e8 <__udivmoddi4>
400012f0:	afa00010 	sw	zero,16(sp)
400012f4:	8fbf001c 	lw	ra,28(sp)
400012f8:	03e00008 	jr	ra
400012fc:	27bd0020 	addiu	sp,sp,32

40001300 <idletask>:
40001300:	3c024008 	lui	v0,0x4008
40001304:	8c45e7f4 	lw	a1,-6156(v0)
40001308:	3c044000 	lui	a0,0x4000
4000130c:	27bdffe8 	addiu	sp,sp,-24
40001310:	afbf0014 	sw	ra,20(sp)
40001314:	0c000222 	jal	40000888 <kprintf>
40001318:	24842b84 	addiu	a0,a0,11140
4000131c:	3c044000 	lui	a0,0x4000
40001320:	0c000222 	jal	40000888 <kprintf>
40001324:	24842ba4 	addiu	a0,a0,11172
40001328:	0c0006a4 	jal	40001a90 <hf_schedlock>
4000132c:	00002021 	move	a0,zero
40001330:	0c00014e 	jal	40000538 <_cpu_idle>
40001334:	00000000 	nop
40001338:	0c00014e 	jal	40000538 <_cpu_idle>
4000133c:	00000000 	nop
40001340:	080004cc 	j	40001330 <idletask+0x30>
40001344:	00000000 	nop

40001348 <main>:
40001348:	27bdffd0 	addiu	sp,sp,-48
4000134c:	afbf002c 	sw	ra,44(sp)
40001350:	afb40028 	sw	s4,40(sp)
40001354:	afb30024 	sw	s3,36(sp)
40001358:	afb20020 	sw	s2,32(sp)
4000135c:	afb1001c 	sw	s1,28(sp)
40001360:	0c0000ff 	jal	400003fc <_hardware_init>
40001364:	afb00018 	sw	s0,24(sp)
40001368:	0c0006a4 	jal	40001a90 <hf_schedlock>
4000136c:	24040001 	li	a0,1
40001370:	0c000082 	jal	40000208 <_interrupt_set>
40001374:	00002021 	move	a0,zero
40001378:	3c044000 	lui	a0,0x4000
4000137c:	0c000222 	jal	40000888 <kprintf>
40001380:	24842bc0 	addiu	a0,a0,11200
40001384:	3c024000 	lui	v0,0x4000
40001388:	8c443394 	lw	a0,13204(v0)
4000138c:	3c03baad 	lui	v1,0xbaad
40001390:	3463d00d 	ori	v1,v1,0xd00d
40001394:	1083000c 	beq	a0,v1,400013c8 <main+0x80>
40001398:	3c044000 	lui	a0,0x4000
4000139c:	0c000631 	jal	400018c4 <panic>
400013a0:	24040001 	li	a0,1
400013a4:	8fbf002c 	lw	ra,44(sp)
400013a8:	00001021 	move	v0,zero
400013ac:	8fb40028 	lw	s4,40(sp)
400013b0:	8fb30024 	lw	s3,36(sp)
400013b4:	8fb20020 	lw	s2,32(sp)
400013b8:	8fb1001c 	lw	s1,28(sp)
400013bc:	8fb00018 	lw	s0,24(sp)
400013c0:	03e00008 	jr	ra
400013c4:	27bd0030 	addiu	sp,sp,48
400013c8:	24842bd4 	addiu	a0,a0,11220
400013cc:	0c000222 	jal	40000888 <kprintf>
400013d0:	ac403394 	sw	zero,13204(v0)
400013d4:	3c064000 	lui	a2,0x4000
400013d8:	3c074000 	lui	a3,0x4000
400013dc:	3c054000 	lui	a1,0x4000
400013e0:	3c044000 	lui	a0,0x4000
400013e4:	3c024000 	lui	v0,0x4000
400013e8:	24c62c40 	addiu	a2,a2,11328
400013ec:	24e72c48 	addiu	a3,a3,11336
400013f0:	24a52c34 	addiu	a1,a1,11316
400013f4:	24842c14 	addiu	a0,a0,11284
400013f8:	24422c54 	addiu	v0,v0,11348
400013fc:	0c000222 	jal	40000888 <kprintf>
40001400:	afa20010 	sw	v0,16(sp)
40001404:	3c044000 	lui	a0,0x4000
40001408:	0c000222 	jal	40000888 <kprintf>
4000140c:	24842c60 	addiu	a0,a0,11360
40001410:	3c044000 	lui	a0,0x4000
40001414:	0c000222 	jal	40000888 <kprintf>
40001418:	24842c98 	addiu	a0,a0,11416
4000141c:	3c044000 	lui	a0,0x4000
40001420:	3c054000 	lui	a1,0x4000
40001424:	24842cd8 	addiu	a0,a0,11480
40001428:	0c000222 	jal	40000888 <kprintf>
4000142c:	24a52cec 	addiu	a1,a1,11500
40001430:	3c044000 	lui	a0,0x4000
40001434:	24842cfc 	addiu	a0,a0,11516
40001438:	0c000222 	jal	40000888 <kprintf>
4000143c:	240561a8 	li	a1,25000
40001440:	3c044000 	lui	a0,0x4000
40001444:	3c050007 	lui	a1,0x7
40001448:	24842d14 	addiu	a0,a0,11540
4000144c:	0c000222 	jal	40000888 <kprintf>
40001450:	34a5a120 	ori	a1,a1,0xa120
40001454:	3c044000 	lui	a0,0x4000
40001458:	24842d30 	addiu	a0,a0,11568
4000145c:	2405001e 	li	a1,30
40001460:	0c000222 	jal	40000888 <kprintf>
40001464:	3c144000 	lui	s4,0x4000
40001468:	0c000101 	jal	40000404 <_vm_init>
4000146c:	00008821 	move	s1,zero
40001470:	2694345c 	addiu	s4,s4,13404
40001474:	3c104008 	lui	s0,0x4008
40001478:	2413ffff 	li	s3,-1
4000147c:	2412001e 	li	s2,30
40001480:	001118c0 	sll	v1,s1,0x3
40001484:	00111140 	sll	v0,s1,0x5
40001488:	00621021 	addu	v0,v1,v0
4000148c:	00511023 	subu	v0,v0,s1
40001490:	00021080 	sll	v0,v0,0x2
40001494:	02821021 	addu	v0,s4,v0
40001498:	24440002 	addiu	a0,v0,2
4000149c:	00002821 	move	a1,zero
400014a0:	24060014 	li	a2,20
400014a4:	a4530000 	sh	s3,0(v0)
400014a8:	0c000412 	jal	40001048 <memset>
400014ac:	ae02e7e4 	sw	v0,-6172(s0)
400014b0:	8e02e7e4 	lw	v0,-6172(s0)
400014b4:	26310001 	addiu	s1,s1,1
400014b8:	a0400016 	sb	zero,22(v0)
400014bc:	a0400017 	sb	zero,23(v0)
400014c0:	a0400018 	sb	zero,24(v0)
400014c4:	ac40001c 	sw	zero,28(v0)
400014c8:	ac400020 	sw	zero,32(v0)
400014cc:	ac400024 	sw	zero,36(v0)
400014d0:	ac400028 	sw	zero,40(v0)
400014d4:	ac40002c 	sw	zero,44(v0)
400014d8:	a4400030 	sh	zero,48(v0)
400014dc:	a4400032 	sh	zero,50(v0)
400014e0:	a4400034 	sh	zero,52(v0)
400014e4:	a4400036 	sh	zero,54(v0)
400014e8:	a4400038 	sh	zero,56(v0)
400014ec:	ac40008c 	sw	zero,140(v0)
400014f0:	ac400090 	sw	zero,144(v0)
400014f4:	ac400094 	sw	zero,148(v0)
400014f8:	1632ffe1 	bne	s1,s2,40001480 <main+0x138>
400014fc:	ac400098 	sw	zero,152(v0)
40001500:	3c054008 	lui	a1,0x4008
40001504:	a4a0e7f0 	sh	zero,-6160(a1)
40001508:	3c054008 	lui	a1,0x4008
4000150c:	a4a0e7e0 	sh	zero,-6176(a1)
40001510:	3c054008 	lui	a1,0x4008
40001514:	a4a0e800 	sh	zero,-6144(a1)
40001518:	3c054000 	lui	a1,0x4000
4000151c:	3c034008 	lui	v1,0x4008
40001520:	24a522f8 	addiu	a1,a1,8952
40001524:	2462e7c4 	addiu	v0,v1,-6204
40001528:	ac65e7c4 	sw	a1,-6204(v1)
4000152c:	3c034000 	lui	v1,0x4000
40001530:	2463218c 	addiu	v1,v1,8588
40001534:	ac430004 	sw	v1,4(v0)
40001538:	3c034000 	lui	v1,0x4000
4000153c:	246320c8 	addiu	v1,v1,8392
40001540:	ac430018 	sw	v1,24(v0)
40001544:	2404001e 	li	a0,30
40001548:	ac400008 	sw	zero,8(v0)
4000154c:	ac40000c 	sw	zero,12(v0)
40001550:	ac400010 	sw	zero,16(v0)
40001554:	0c0006b4 	jal	40001ad0 <hf_queue_create>
40001558:	ac400014 	sw	zero,20(v0)
4000155c:	3c034008 	lui	v1,0x4008
40001560:	10400035 	beqz	v0,40001638 <main+0x2f0>
40001564:	ac62e7f8 	sw	v0,-6152(v1)
40001568:	0c0006b4 	jal	40001ad0 <hf_queue_create>
4000156c:	2404001e 	li	a0,30
40001570:	3c034008 	lui	v1,0x4008
40001574:	10400034 	beqz	v0,40001648 <main+0x300>
40001578:	ac62e804 	sw	v0,-6140(v1)
4000157c:	0c0006b4 	jal	40001ad0 <hf_queue_create>
40001580:	2404001e 	li	a0,30
40001584:	3c034008 	lui	v1,0x4008
40001588:	10400033 	beqz	v0,40001658 <main+0x310>
4000158c:	ac62e7fc 	sw	v0,-6148(v1)
40001590:	0c0006b4 	jal	40001ad0 <hf_queue_create>
40001594:	2404001e 	li	a0,30
40001598:	3c034008 	lui	v1,0x4008
4000159c:	10400022 	beqz	v0,40001628 <main+0x2e0>
400015a0:	ac62e7ec 	sw	v0,-6164(v1)
400015a4:	0c00010d 	jal	40000434 <_sched_init>
400015a8:	00000000 	nop
400015ac:	0c000110 	jal	40000440 <_timer_init>
400015b0:	00000000 	nop
400015b4:	0c000174 	jal	400005d0 <_timer_reset>
400015b8:	00000000 	nop
400015bc:	0c000124 	jal	40000490 <_irq_init>
400015c0:	00000000 	nop
400015c4:	3c024000 	lui	v0,0x4000
400015c8:	24423304 	addiu	v0,v0,13060
400015cc:	3c044000 	lui	a0,0x4000
400015d0:	00003021 	move	a2,zero
400015d4:	00003821 	move	a3,zero
400015d8:	24841300 	addiu	a0,a0,4864
400015dc:	00002821 	move	a1,zero
400015e0:	afa20010 	sw	v0,16(sp)
400015e4:	24020400 	li	v0,1024
400015e8:	0c00095e 	jal	40002578 <hf_spawn>
400015ec:	afa20014 	sw	v0,20(sp)
400015f0:	0c000127 	jal	4000049c <_device_init>
400015f4:	00000000 	nop
400015f8:	0c00012a 	jal	400004a8 <_task_init>
400015fc:	00000000 	nop
40001600:	0c000a5d 	jal	40002974 <app_main>
40001604:	00000000 	nop
40001608:	8e04e7e4 	lw	a0,-6172(s0)
4000160c:	24050001 	li	a1,1
40001610:	0c000097 	jal	4000025c <_context_restore>
40001614:	2484003c 	addiu	a0,a0,60
40001618:	0c000631 	jal	400018c4 <panic>
4000161c:	00002021 	move	a0,zero
40001620:	080004ea 	j	400013a8 <main+0x60>
40001624:	8fbf002c 	lw	ra,44(sp)
40001628:	0c000631 	jal	400018c4 <panic>
4000162c:	24040004 	li	a0,4
40001630:	08000569 	j	400015a4 <main+0x25c>
40001634:	00000000 	nop
40001638:	0c000631 	jal	400018c4 <panic>
4000163c:	24040004 	li	a0,4
40001640:	0800055a 	j	40001568 <main+0x220>
40001644:	00000000 	nop
40001648:	0c000631 	jal	400018c4 <panic>
4000164c:	24040004 	li	a0,4
40001650:	0800055f 	j	4000157c <main+0x234>
40001654:	00000000 	nop
40001658:	0c000631 	jal	400018c4 <panic>
4000165c:	24040004 	li	a0,4
40001660:	08000564 	j	40001590 <main+0x248>
40001664:	00000000 	nop

40001668 <hf_free>:
40001668:	27bdffe0 	addiu	sp,sp,-32
4000166c:	afb00014 	sw	s0,20(sp)
40001670:	3c104000 	lui	s0,0x4000
40001674:	afb10018 	sw	s1,24(sp)
40001678:	00808821 	move	s1,a0
4000167c:	afbf001c 	sw	ra,28(sp)
40001680:	0c000618 	jal	40001860 <hf_mtxlock>
40001684:	26043458 	addiu	a0,s0,13400
40001688:	3c024008 	lui	v0,0x4008
4000168c:	8e25fffc 	lw	a1,-4(s1)
40001690:	8c43e7f4 	lw	v1,-6156(v0)
40001694:	3c044008 	lui	a0,0x4008
40001698:	8c86e80c 	lw	a2,-6132(a0)
4000169c:	2404fffe 	li	a0,-2
400016a0:	00a42024 	and	a0,a1,a0
400016a4:	24630008 	addiu	v1,v1,8
400016a8:	ae24fffc 	sw	a0,-4(s1)
400016ac:	00641821 	addu	v1,v1,a0
400016b0:	3c054008 	lui	a1,0x4008
400016b4:	26043458 	addiu	a0,s0,13400
400016b8:	8fbf001c 	lw	ra,28(sp)
400016bc:	8fb10018 	lw	s1,24(sp)
400016c0:	8fb00014 	lw	s0,20(sp)
400016c4:	27bd0020 	addiu	sp,sp,32
400016c8:	aca6e808 	sw	a2,-6136(a1)
400016cc:	0800062e 	j	400018b8 <hf_mtxunlock>
400016d0:	ac43e7f4 	sw	v1,-6156(v0)

400016d4 <hf_malloc>:
400016d4:	27bdffe0 	addiu	sp,sp,-32
400016d8:	afb20018 	sw	s2,24(sp)
400016dc:	3c124000 	lui	s2,0x4000
400016e0:	afb10014 	sw	s1,20(sp)
400016e4:	2402fffc 	li	v0,-4
400016e8:	24910003 	addiu	s1,a0,3
400016ec:	26443458 	addiu	a0,s2,13400
400016f0:	afb00010 	sw	s0,16(sp)
400016f4:	afbf001c 	sw	ra,28(sp)
400016f8:	0c000618 	jal	40001860 <hf_mtxlock>
400016fc:	02228824 	and	s1,s1,v0
40001700:	3c074008 	lui	a3,0x4008
40001704:	8ce3e808 	lw	v1,-6136(a3)
40001708:	2406fff8 	li	a2,-8
4000170c:	26250008 	addiu	a1,s1,8
40001710:	00608021 	move	s0,v1
40001714:	8c640000 	lw	a0,0(v1)
40001718:	10800035 	beqz	a0,400017f0 <hf_malloc+0x11c>
4000171c:	00000000 	nop
40001720:	8c620004 	lw	v0,4(v1)
40001724:	30420001 	andi	v0,v0,0x1
40001728:	10400008 	beqz	v0,4000174c <hf_malloc+0x78>
4000172c:	00000000 	nop
40001730:	080005cf 	j	4000173c <hf_malloc+0x68>
40001734:	00801821 	move	v1,a0
40001738:	8c630000 	lw	v1,0(v1)
4000173c:	8c620004 	lw	v0,4(v1)
40001740:	30420001 	andi	v0,v0,0x1
40001744:	1440fffc 	bnez	v0,40001738 <hf_malloc+0x64>
40001748:	00608021 	move	s0,v1
4000174c:	14400009 	bnez	v0,40001774 <hf_malloc+0xa0>
40001750:	00d01023 	subu	v0,a2,s0
40001754:	8c640000 	lw	a0,0(v1)
40001758:	10800006 	beqz	a0,40001774 <hf_malloc+0xa0>
4000175c:	00d01023 	subu	v0,a2,s0
40001760:	8c820004 	lw	v0,4(a0)
40001764:	30420001 	andi	v0,v0,0x1
40001768:	1040fffa 	beqz	v0,40001754 <hf_malloc+0x80>
4000176c:	00801821 	move	v1,a0
40001770:	00d01023 	subu	v0,a2,s0
40001774:	00621021 	addu	v0,v1,v0
40001778:	0045202b 	sltu	a0,v0,a1
4000177c:	ae020004 	sw	v0,4(s0)
40001780:	1480ffe4 	bnez	a0,40001714 <hf_malloc+0x40>
40001784:	ae030000 	sw	v1,0(s0)
40001788:	3c024008 	lui	v0,0x4008
4000178c:	8c48e7f4 	lw	t0,-6156(v0)
40001790:	36240001 	ori	a0,s1,0x1
40001794:	2409fff8 	li	t1,-8
40001798:	2406fffe 	li	a2,-2
4000179c:	01314823 	subu	t1,t1,s1
400017a0:	00863024 	and	a2,a0,a2
400017a4:	02052821 	addu	a1,s0,a1
400017a8:	01263021 	addu	a2,t1,a2
400017ac:	2508fff8 	addiu	t0,t0,-8
400017b0:	acf0e808 	sw	s0,-6136(a3)
400017b4:	ae040004 	sw	a0,4(s0)
400017b8:	ae050000 	sw	a1,0(s0)
400017bc:	01118823 	subu	s1,t0,s1
400017c0:	aca30000 	sw	v1,0(a1)
400017c4:	aca60004 	sw	a2,4(a1)
400017c8:	26443458 	addiu	a0,s2,13400
400017cc:	0c00062e 	jal	400018b8 <hf_mtxunlock>
400017d0:	ac51e7f4 	sw	s1,-6156(v0)
400017d4:	26020008 	addiu	v0,s0,8
400017d8:	8fbf001c 	lw	ra,28(sp)
400017dc:	8fb20018 	lw	s2,24(sp)
400017e0:	8fb10014 	lw	s1,20(sp)
400017e4:	8fb00010 	lw	s0,16(sp)
400017e8:	03e00008 	jr	ra
400017ec:	27bd0020 	addiu	sp,sp,32
400017f0:	0c00062e 	jal	400018b8 <hf_mtxunlock>
400017f4:	26443458 	addiu	a0,s2,13400
400017f8:	080005f6 	j	400017d8 <hf_malloc+0x104>
400017fc:	00001021 	move	v0,zero

40001800 <heapinit>:
40001800:	00801021 	move	v0,a0
40001804:	2403fffc 	li	v1,-4
40001808:	24a40003 	addiu	a0,a1,3
4000180c:	00831824 	and	v1,a0,v1
40001810:	00452821 	addu	a1,v0,a1
40001814:	2463fff0 	addiu	v1,v1,-16
40001818:	24a4fff8 	addiu	a0,a1,-8
4000181c:	ac430004 	sw	v1,4(v0)
40001820:	aca0fffc 	sw	zero,-4(a1)
40001824:	ac440000 	sw	a0,0(v0)
40001828:	8c430004 	lw	v1,4(v0)
4000182c:	aca0fff8 	sw	zero,-8(a1)
40001830:	3c054008 	lui	a1,0x4008
40001834:	aca2e80c 	sw	v0,-6132(a1)
40001838:	3c044000 	lui	a0,0x4000
4000183c:	3c054008 	lui	a1,0x4008
40001840:	aca2e808 	sw	v0,-6136(a1)
40001844:	24843458 	addiu	a0,a0,13400
40001848:	3c024008 	lui	v0,0x4008
4000184c:	08000615 	j	40001854 <hf_mtxinit>
40001850:	ac43e7f4 	sw	v1,-6156(v0)

40001854 <hf_mtxinit>:
40001854:	ac800000 	sw	zero,0(a0)
40001858:	03e00008 	jr	ra
4000185c:	00000000 	nop

40001860 <hf_mtxlock>:
40001860:	27bdffd8 	addiu	sp,sp,-40
40001864:	afb10020 	sw	s1,32(sp)
40001868:	afb0001c 	sw	s0,28(sp)
4000186c:	afbf0024 	sw	ra,36(sp)
40001870:	00808821 	move	s1,a0
40001874:	24100001 	li	s0,1
40001878:	0c000082 	jal	40000208 <_interrupt_set>
4000187c:	00002021 	move	a0,zero
40001880:	afa20014 	sw	v0,20(sp)
40001884:	8e220000 	lw	v0,0(s1)
40001888:	afa20010 	sw	v0,16(sp)
4000188c:	ae300000 	sw	s0,0(s1)
40001890:	8fa40014 	lw	a0,20(sp)
40001894:	0c000082 	jal	40000208 <_interrupt_set>
40001898:	00000000 	nop
4000189c:	8fa20010 	lw	v0,16(sp)
400018a0:	1050fff5 	beq	v0,s0,40001878 <hf_mtxlock+0x18>
400018a4:	8fbf0024 	lw	ra,36(sp)
400018a8:	8fb10020 	lw	s1,32(sp)
400018ac:	8fb0001c 	lw	s0,28(sp)
400018b0:	03e00008 	jr	ra
400018b4:	27bd0028 	addiu	sp,sp,40

400018b8 <hf_mtxunlock>:
400018b8:	ac800000 	sw	zero,0(a0)
400018bc:	03e00008 	jr	ra
400018c0:	00000000 	nop

400018c4 <panic>:
400018c4:	27bdffe8 	addiu	sp,sp,-24
400018c8:	afb00010 	sw	s0,16(sp)
400018cc:	00808021 	move	s0,a0
400018d0:	afbf0014 	sw	ra,20(sp)
400018d4:	0c000082 	jal	40000208 <_interrupt_set>
400018d8:	00002021 	move	a0,zero
400018dc:	3c024008 	lui	v0,0x4008
400018e0:	9445e7e0 	lhu	a1,-6176(v0)
400018e4:	3c044000 	lui	a0,0x4000
400018e8:	0c000222 	jal	40000888 <kprintf>
400018ec:	24842d44 	addiu	a0,a0,11588
400018f0:	2e020012 	sltiu	v0,s0,18
400018f4:	1440000b 	bnez	v0,40001924 <panic+0x60>
400018f8:	3c024000 	lui	v0,0x4000
400018fc:	3c044000 	lui	a0,0x4000
40001900:	0c000222 	jal	40000888 <kprintf>
40001904:	24842f20 	addiu	a0,a0,12064
40001908:	3c044000 	lui	a0,0x4000
4000190c:	0c00041c 	jal	40001070 <printf>
40001910:	24842f30 	addiu	a0,a0,12080
40001914:	0c000187 	jal	4000061c <_panic>
40001918:	00000000 	nop
4000191c:	08000647 	j	4000191c <panic+0x58>
40001920:	00000000 	nop
40001924:	00108080 	sll	s0,s0,0x2
40001928:	24422f44 	addiu	v0,v0,12100
4000192c:	00501021 	addu	v0,v0,s0
40001930:	8c420000 	lw	v0,0(v0)
40001934:	00400008 	jr	v0
40001938:	00000000 	nop
4000193c:	3c044000 	lui	a0,0x4000
40001940:	0c000222 	jal	40000888 <kprintf>
40001944:	24842d60 	addiu	a0,a0,11616
40001948:	08000643 	j	4000190c <panic+0x48>
4000194c:	3c044000 	lui	a0,0x4000
40001950:	3c044000 	lui	a0,0x4000
40001954:	0c000222 	jal	40000888 <kprintf>
40001958:	24842e4c 	addiu	a0,a0,11852
4000195c:	08000643 	j	4000190c <panic+0x48>
40001960:	3c044000 	lui	a0,0x4000
40001964:	3c044000 	lui	a0,0x4000
40001968:	0c000222 	jal	40000888 <kprintf>
4000196c:	24842e30 	addiu	a0,a0,11824
40001970:	08000643 	j	4000190c <panic+0x48>
40001974:	3c044000 	lui	a0,0x4000
40001978:	3c044000 	lui	a0,0x4000
4000197c:	0c000222 	jal	40000888 <kprintf>
40001980:	24842da0 	addiu	a0,a0,11680
40001984:	08000643 	j	4000190c <panic+0x48>
40001988:	3c044000 	lui	a0,0x4000
4000198c:	3c044000 	lui	a0,0x4000
40001990:	0c000222 	jal	40000888 <kprintf>
40001994:	24842f0c 	addiu	a0,a0,12044
40001998:	08000643 	j	4000190c <panic+0x48>
4000199c:	3c044000 	lui	a0,0x4000
400019a0:	3c044000 	lui	a0,0x4000
400019a4:	0c000222 	jal	40000888 <kprintf>
400019a8:	24842ef0 	addiu	a0,a0,12016
400019ac:	08000643 	j	4000190c <panic+0x48>
400019b0:	3c044000 	lui	a0,0x4000
400019b4:	3c044000 	lui	a0,0x4000
400019b8:	0c000222 	jal	40000888 <kprintf>
400019bc:	24842ecc 	addiu	a0,a0,11980
400019c0:	08000643 	j	4000190c <panic+0x48>
400019c4:	3c044000 	lui	a0,0x4000
400019c8:	3c044000 	lui	a0,0x4000
400019cc:	0c000222 	jal	40000888 <kprintf>
400019d0:	24842eac 	addiu	a0,a0,11948
400019d4:	08000643 	j	4000190c <panic+0x48>
400019d8:	3c044000 	lui	a0,0x4000
400019dc:	3c044000 	lui	a0,0x4000
400019e0:	0c000222 	jal	40000888 <kprintf>
400019e4:	24842e8c 	addiu	a0,a0,11916
400019e8:	08000643 	j	4000190c <panic+0x48>
400019ec:	3c044000 	lui	a0,0x4000
400019f0:	3c044000 	lui	a0,0x4000
400019f4:	0c000222 	jal	40000888 <kprintf>
400019f8:	24842e74 	addiu	a0,a0,11892
400019fc:	08000643 	j	4000190c <panic+0x48>
40001a00:	3c044000 	lui	a0,0x4000
40001a04:	3c044000 	lui	a0,0x4000
40001a08:	0c000222 	jal	40000888 <kprintf>
40001a0c:	24842dfc 	addiu	a0,a0,11772
40001a10:	08000643 	j	4000190c <panic+0x48>
40001a14:	3c044000 	lui	a0,0x4000
40001a18:	3c044000 	lui	a0,0x4000
40001a1c:	0c000222 	jal	40000888 <kprintf>
40001a20:	24842e14 	addiu	a0,a0,11796
40001a24:	08000643 	j	4000190c <panic+0x48>
40001a28:	3c044000 	lui	a0,0x4000
40001a2c:	3c044000 	lui	a0,0x4000
40001a30:	0c000222 	jal	40000888 <kprintf>
40001a34:	24842de4 	addiu	a0,a0,11748
40001a38:	08000643 	j	4000190c <panic+0x48>
40001a3c:	3c044000 	lui	a0,0x4000
40001a40:	3c044000 	lui	a0,0x4000
40001a44:	0c000222 	jal	40000888 <kprintf>
40001a48:	24842dd4 	addiu	a0,a0,11732
40001a4c:	08000643 	j	4000190c <panic+0x48>
40001a50:	3c044000 	lui	a0,0x4000
40001a54:	3c044000 	lui	a0,0x4000
40001a58:	0c000222 	jal	40000888 <kprintf>
40001a5c:	24842db4 	addiu	a0,a0,11700
40001a60:	08000643 	j	4000190c <panic+0x48>
40001a64:	3c044000 	lui	a0,0x4000
40001a68:	3c044000 	lui	a0,0x4000
40001a6c:	0c000222 	jal	40000888 <kprintf>
40001a70:	24842d90 	addiu	a0,a0,11664
40001a74:	08000643 	j	4000190c <panic+0x48>
40001a78:	3c044000 	lui	a0,0x4000
40001a7c:	3c044000 	lui	a0,0x4000
40001a80:	0c000222 	jal	40000888 <kprintf>
40001a84:	24842d74 	addiu	a0,a0,11636
40001a88:	08000643 	j	4000190c <panic+0x48>
40001a8c:	3c044000 	lui	a0,0x4000

40001a90 <hf_schedlock>:
40001a90:	27bdffe8 	addiu	sp,sp,-24
40001a94:	afbf0014 	sw	ra,20(sp)
40001a98:	afb00010 	sw	s0,16(sp)
40001a9c:	0c000150 	jal	40000540 <_read_us>
40001aa0:	00808021 	move	s0,a0
40001aa4:	3c044000 	lui	a0,0x4000
40001aa8:	00602821 	move	a1,v1
40001aac:	0c00029f 	jal	40000a7c <dprintf>
40001ab0:	24842f8c 	addiu	a0,a0,12172
40001ab4:	8fbf0014 	lw	ra,20(sp)
40001ab8:	2e100001 	sltiu	s0,s0,1
40001abc:	3c024008 	lui	v0,0x4008
40001ac0:	a450e800 	sh	s0,-6144(v0)
40001ac4:	8fb00010 	lw	s0,16(sp)
40001ac8:	03e00008 	jr	ra
40001acc:	27bd0018 	addiu	sp,sp,24

40001ad0 <hf_queue_create>:
40001ad0:	27bdffe0 	addiu	sp,sp,-32
40001ad4:	afb10018 	sw	s1,24(sp)
40001ad8:	00808821 	move	s1,a0
40001adc:	afb00014 	sw	s0,20(sp)
40001ae0:	afbf001c 	sw	ra,28(sp)
40001ae4:	0c0005b5 	jal	400016d4 <hf_malloc>
40001ae8:	24040014 	li	a0,20
40001aec:	1040000a 	beqz	v0,40001b18 <hf_queue_create+0x48>
40001af0:	00408021 	move	s0,v0
40001af4:	26240001 	addiu	a0,s1,1
40001af8:	ac440000 	sw	a0,0(v0)
40001afc:	0c0005b5 	jal	400016d4 <hf_malloc>
40001b00:	00042080 	sll	a0,a0,0x2
40001b04:	1040000a 	beqz	v0,40001b30 <hf_queue_create+0x60>
40001b08:	ae020010 	sw	v0,16(s0)
40001b0c:	ae00000c 	sw	zero,12(s0)
40001b10:	ae000008 	sw	zero,8(s0)
40001b14:	ae000004 	sw	zero,4(s0)
40001b18:	8fbf001c 	lw	ra,28(sp)
40001b1c:	02001021 	move	v0,s0
40001b20:	8fb10018 	lw	s1,24(sp)
40001b24:	8fb00014 	lw	s0,20(sp)
40001b28:	03e00008 	jr	ra
40001b2c:	27bd0020 	addiu	sp,sp,32
40001b30:	0c00059a 	jal	40001668 <hf_free>
40001b34:	02002021 	move	a0,s0
40001b38:	080006c6 	j	40001b18 <hf_queue_create+0x48>
40001b3c:	00008021 	move	s0,zero

40001b40 <hf_queue_count>:
40001b40:	03e00008 	jr	ra
40001b44:	8c820004 	lw	v0,4(a0)

40001b48 <hf_queue_addtail>:
40001b48:	8c820000 	lw	v0,0(a0)
40001b4c:	27bdffd8 	addiu	sp,sp,-40
40001b50:	afb30020 	sw	s3,32(sp)
40001b54:	afb10018 	sw	s1,24(sp)
40001b58:	afb00014 	sw	s0,20(sp)
40001b5c:	afbf0024 	sw	ra,36(sp)
40001b60:	afb2001c 	sw	s2,28(sp)
40001b64:	00808021 	move	s0,a0
40001b68:	00a09821 	move	s3,a1
40001b6c:	10400010 	beqz	v0,40001bb0 <hf_queue_addtail+0x68>
40001b70:	2411ffff 	li	s1,-1
40001b74:	8c92000c 	lw	s2,12(a0)
40001b78:	00402821 	move	a1,v0
40001b7c:	0c000462 	jal	40001188 <__modsi3>
40001b80:	26440001 	addiu	a0,s2,1
40001b84:	8e030008 	lw	v1,8(s0)
40001b88:	10620009 	beq	v1,v0,40001bb0 <hf_queue_addtail+0x68>
40001b8c:	00129080 	sll	s2,s2,0x2
40001b90:	8e030004 	lw	v1,4(s0)
40001b94:	8e040010 	lw	a0,16(s0)
40001b98:	24630001 	addiu	v1,v1,1
40001b9c:	00929021 	addu	s2,a0,s2
40001ba0:	ae530000 	sw	s3,0(s2)
40001ba4:	00008821 	move	s1,zero
40001ba8:	ae02000c 	sw	v0,12(s0)
40001bac:	ae030004 	sw	v1,4(s0)
40001bb0:	8fbf0024 	lw	ra,36(sp)
40001bb4:	02201021 	move	v0,s1
40001bb8:	8fb30020 	lw	s3,32(sp)
40001bbc:	8fb2001c 	lw	s2,28(sp)
40001bc0:	8fb10018 	lw	s1,24(sp)
40001bc4:	8fb00014 	lw	s0,20(sp)
40001bc8:	03e00008 	jr	ra
40001bcc:	27bd0028 	addiu	sp,sp,40

40001bd0 <hf_queue_remhead>:
40001bd0:	8c850000 	lw	a1,0(a0)
40001bd4:	27bdffe0 	addiu	sp,sp,-32
40001bd8:	afb10018 	sw	s1,24(sp)
40001bdc:	afb00014 	sw	s0,20(sp)
40001be0:	afbf001c 	sw	ra,28(sp)
40001be4:	00808021 	move	s0,a0
40001be8:	10a0000e 	beqz	a1,40001c24 <hf_queue_remhead+0x54>
40001bec:	00008821 	move	s1,zero
40001bf0:	8c840008 	lw	a0,8(a0)
40001bf4:	8e02000c 	lw	v0,12(s0)
40001bf8:	1082000a 	beq	a0,v0,40001c24 <hf_queue_remhead+0x54>
40001bfc:	00041080 	sll	v0,a0,0x2
40001c00:	8e030010 	lw	v1,16(s0)
40001c04:	24840001 	addiu	a0,a0,1
40001c08:	00621021 	addu	v0,v1,v0
40001c0c:	0c000462 	jal	40001188 <__modsi3>
40001c10:	8c510000 	lw	s1,0(v0)
40001c14:	8e030004 	lw	v1,4(s0)
40001c18:	ae020008 	sw	v0,8(s0)
40001c1c:	2463ffff 	addiu	v1,v1,-1
40001c20:	ae030004 	sw	v1,4(s0)
40001c24:	8fbf001c 	lw	ra,28(sp)
40001c28:	02201021 	move	v0,s1
40001c2c:	8fb00014 	lw	s0,20(sp)
40001c30:	8fb10018 	lw	s1,24(sp)
40001c34:	03e00008 	jr	ra
40001c38:	27bd0020 	addiu	sp,sp,32

40001c3c <hf_queue_get>:
40001c3c:	8c830000 	lw	v1,0(a0)
40001c40:	27bdffe8 	addiu	sp,sp,-24
40001c44:	afb00010 	sw	s0,16(sp)
40001c48:	afbf0014 	sw	ra,20(sp)
40001c4c:	00808021 	move	s0,a0
40001c50:	1060000f 	beqz	v1,40001c90 <hf_queue_get+0x54>
40001c54:	00001021 	move	v0,zero
40001c58:	8c840004 	lw	a0,4(a0)
40001c5c:	00a4202a 	slt	a0,a1,a0
40001c60:	1080000c 	beqz	a0,40001c94 <hf_queue_get+0x58>
40001c64:	8fbf0014 	lw	ra,20(sp)
40001c68:	8e040008 	lw	a0,8(s0)
40001c6c:	8e06000c 	lw	a2,12(s0)
40001c70:	10860008 	beq	a0,a2,40001c94 <hf_queue_get+0x58>
40001c74:	00a42021 	addu	a0,a1,a0
40001c78:	0c000462 	jal	40001188 <__modsi3>
40001c7c:	00602821 	move	a1,v1
40001c80:	8e030010 	lw	v1,16(s0)
40001c84:	00021080 	sll	v0,v0,0x2
40001c88:	00621821 	addu	v1,v1,v0
40001c8c:	8c620000 	lw	v0,0(v1)
40001c90:	8fbf0014 	lw	ra,20(sp)
40001c94:	8fb00010 	lw	s0,16(sp)
40001c98:	03e00008 	jr	ra
40001c9c:	27bd0018 	addiu	sp,sp,24

40001ca0 <hf_queue_swap>:
40001ca0:	27bdffd8 	addiu	sp,sp,-40
40001ca4:	afb10014 	sw	s1,20(sp)
40001ca8:	8c910000 	lw	s1,0(a0)
40001cac:	afb3001c 	sw	s3,28(sp)
40001cb0:	afb00010 	sw	s0,16(sp)
40001cb4:	afbf0024 	sw	ra,36(sp)
40001cb8:	afb40020 	sw	s4,32(sp)
40001cbc:	afb20018 	sw	s2,24(sp)
40001cc0:	00808021 	move	s0,a0
40001cc4:	00c09821 	move	s3,a2
40001cc8:	1220001c 	beqz	s1,40001d3c <hf_queue_swap+0x9c>
40001ccc:	2402ffff 	li	v0,-1
40001cd0:	8c830004 	lw	v1,4(a0)
40001cd4:	00a3202a 	slt	a0,a1,v1
40001cd8:	10800018 	beqz	a0,40001d3c <hf_queue_swap+0x9c>
40001cdc:	00c3182a 	slt	v1,a2,v1
40001ce0:	10600017 	beqz	v1,40001d40 <hf_queue_swap+0xa0>
40001ce4:	8fbf0024 	lw	ra,36(sp)
40001ce8:	8e120008 	lw	s2,8(s0)
40001cec:	8e03000c 	lw	v1,12(s0)
40001cf0:	12430013 	beq	s2,v1,40001d40 <hf_queue_swap+0xa0>
40001cf4:	00b22021 	addu	a0,a1,s2
40001cf8:	8e140010 	lw	s4,16(s0)
40001cfc:	0c000462 	jal	40001188 <__modsi3>
40001d00:	02202821 	move	a1,s1
40001d04:	00021080 	sll	v0,v0,0x2
40001d08:	02202821 	move	a1,s1
40001d0c:	02722021 	addu	a0,s3,s2
40001d10:	0c000462 	jal	40001188 <__modsi3>
40001d14:	02828821 	addu	s1,s4,v0
40001d18:	00021880 	sll	v1,v0,0x2
40001d1c:	0283a021 	addu	s4,s4,v1
40001d20:	8e850000 	lw	a1,0(s4)
40001d24:	8e240000 	lw	a0,0(s1)
40001d28:	00001021 	move	v0,zero
40001d2c:	ae250000 	sw	a1,0(s1)
40001d30:	8e050010 	lw	a1,16(s0)
40001d34:	00a31821 	addu	v1,a1,v1
40001d38:	ac640000 	sw	a0,0(v1)
40001d3c:	8fbf0024 	lw	ra,36(sp)
40001d40:	8fb40020 	lw	s4,32(sp)
40001d44:	8fb3001c 	lw	s3,28(sp)
40001d48:	8fb20018 	lw	s2,24(sp)
40001d4c:	8fb10014 	lw	s1,20(sp)
40001d50:	8fb00010 	lw	s0,16(sp)
40001d54:	03e00008 	jr	ra
40001d58:	27bd0028 	addiu	sp,sp,40

40001d5c <run_queue_next>:
40001d5c:	27bdffe0 	addiu	sp,sp,-32
40001d60:	afb00014 	sw	s0,20(sp)
40001d64:	3c104008 	lui	s0,0x4008
40001d68:	8e04e7f8 	lw	a0,-6152(s0)
40001d6c:	afb10018 	sw	s1,24(sp)
40001d70:	afbf001c 	sw	ra,28(sp)
40001d74:	0c0006f4 	jal	40001bd0 <hf_queue_remhead>
40001d78:	3c114008 	lui	s1,0x4008
40001d7c:	1040000f 	beqz	v0,40001dbc <run_queue_next+0x60>
40001d80:	ae22e7e4 	sw	v0,-6172(s1)
40001d84:	8e04e7f8 	lw	a0,-6152(s0)
40001d88:	0c0006d2 	jal	40001b48 <hf_queue_addtail>
40001d8c:	00402821 	move	a1,v0
40001d90:	14400005 	bnez	v0,40001da8 <run_queue_next+0x4c>
40001d94:	8fbf001c 	lw	ra,28(sp)
40001d98:	8fb10018 	lw	s1,24(sp)
40001d9c:	8fb00014 	lw	s0,20(sp)
40001da0:	03e00008 	jr	ra
40001da4:	27bd0020 	addiu	sp,sp,32
40001da8:	8fb10018 	lw	s1,24(sp)
40001dac:	8fb00014 	lw	s0,20(sp)
40001db0:	24040009 	li	a0,9
40001db4:	08000631 	j	400018c4 <panic>
40001db8:	27bd0020 	addiu	sp,sp,32
40001dbc:	0c000631 	jal	400018c4 <panic>
40001dc0:	24040005 	li	a0,5
40001dc4:	08000761 	j	40001d84 <run_queue_next+0x28>
40001dc8:	8e22e7e4 	lw	v0,-6172(s1)

40001dcc <dispatch_isr>:
40001dcc:	27bdffb8 	addiu	sp,sp,-72
40001dd0:	afbf0044 	sw	ra,68(sp)
40001dd4:	afb70040 	sw	s7,64(sp)
40001dd8:	afb6003c 	sw	s6,60(sp)
40001ddc:	afb50038 	sw	s5,56(sp)
40001de0:	afb40034 	sw	s4,52(sp)
40001de4:	afb30030 	sw	s3,48(sp)
40001de8:	afb2002c 	sw	s2,44(sp)
40001dec:	afb10028 	sw	s1,40(sp)
40001df0:	0c000150 	jal	40000540 <_read_us>
40001df4:	afb00024 	sw	s0,36(sp)
40001df8:	3c044000 	lui	a0,0x4000
40001dfc:	00602821 	move	a1,v1
40001e00:	0c00029f 	jal	40000a7c <dprintf>
40001e04:	24842ff0 	addiu	a0,a0,12272
40001e08:	0c000174 	jal	400005d0 <_timer_reset>
40001e0c:	00000000 	nop
40001e10:	3c024008 	lui	v0,0x4008
40001e14:	9442e800 	lhu	v0,-6144(v0)
40001e18:	1440000c 	bnez	v0,40001e4c <dispatch_isr+0x80>
40001e1c:	3c144008 	lui	s4,0x4008
40001e20:	8fbf0044 	lw	ra,68(sp)
40001e24:	8fb70040 	lw	s7,64(sp)
40001e28:	8fb6003c 	lw	s6,60(sp)
40001e2c:	8fb50038 	lw	s5,56(sp)
40001e30:	8fb40034 	lw	s4,52(sp)
40001e34:	8fb30030 	lw	s3,48(sp)
40001e38:	8fb2002c 	lw	s2,44(sp)
40001e3c:	8fb10028 	lw	s1,40(sp)
40001e40:	8fb00024 	lw	s0,36(sp)
40001e44:	03e00008 	jr	ra
40001e48:	27bd0048 	addiu	sp,sp,72
40001e4c:	9683e7e0 	lhu	v1,-6176(s4)
40001e50:	3c104008 	lui	s0,0x4008
40001e54:	000320c0 	sll	a0,v1,0x3
40001e58:	00031140 	sll	v0,v1,0x5
40001e5c:	00821021 	addu	v0,a0,v0
40001e60:	00431823 	subu	v1,v0,v1
40001e64:	3c024000 	lui	v0,0x4000
40001e68:	00031880 	sll	v1,v1,0x2
40001e6c:	2442345c 	addiu	v0,v0,13404
40001e70:	00431021 	addu	v0,v0,v1
40001e74:	2444003c 	addiu	a0,v0,60
40001e78:	0c000088 	jal	40000220 <_context_save>
40001e7c:	ae02e7e4 	sw	v0,-6172(s0)
40001e80:	1440ffe7 	bnez	v0,40001e20 <dispatch_isr+0x54>
40001e84:	8e02e7e4 	lw	v0,-6172(s0)
40001e88:	24030002 	li	v1,2
40001e8c:	90440016 	lbu	a0,22(v0)
40001e90:	10830060 	beq	a0,v1,40002014 <dispatch_isr+0x248>
40001e94:	24030001 	li	v1,1
40001e98:	8c420090 	lw	v0,144(v0)
40001e9c:	8c430000 	lw	v1,0(v0)
40001ea0:	3c02b00b 	lui	v0,0xb00b
40001ea4:	3442b00b 	ori	v0,v0,0xb00b
40001ea8:	10620004 	beq	v1,v0,40001ebc <dispatch_isr+0xf0>
40001eac:	3c024008 	lui	v0,0x4008
40001eb0:	0c000631 	jal	400018c4 <panic>
40001eb4:	24040002 	li	a0,2
40001eb8:	3c024008 	lui	v0,0x4008
40001ebc:	9442e7f0 	lhu	v0,-6160(v0)
40001ec0:	10400049 	beqz	v0,40001fe8 <dispatch_isr+0x21c>
40001ec4:	24040003 	li	a0,3
40001ec8:	3c124008 	lui	s2,0x4008
40001ecc:	0c0006d0 	jal	40001b40 <hf_queue_count>
40001ed0:	8e44e804 	lw	a0,-6140(s2)
40001ed4:	18400025 	blez	v0,40001f6c <dispatch_isr+0x1a0>
40001ed8:	00409821 	move	s3,v0
40001edc:	00008821 	move	s1,zero
40001ee0:	3c164008 	lui	s6,0x4008
40001ee4:	3c154008 	lui	s5,0x4008
40001ee8:	080007ca 	j	40001f28 <dispatch_isr+0x15c>
40001eec:	3c174008 	lui	s7,0x4008
40001ef0:	94430030 	lhu	v1,48(v0)
40001ef4:	14600051 	bnez	v1,4000203c <dispatch_isr+0x270>
40001ef8:	8ee4e7fc 	lw	a0,-6148(s7)
40001efc:	94430032 	lhu	v1,50(v0)
40001f00:	10600046 	beqz	v1,4000201c <dispatch_isr+0x250>
40001f04:	8ec4e7f8 	lw	a0,-6152(s6)
40001f08:	8ea4e7ec 	lw	a0,-6164(s5)
40001f0c:	0c0006d2 	jal	40001b48 <hf_queue_addtail>
40001f10:	00402821 	move	a1,v0
40001f14:	14400051 	bnez	v0,4000205c <dispatch_isr+0x290>
40001f18:	00000000 	nop
40001f1c:	26310001 	addiu	s1,s1,1
40001f20:	12330012 	beq	s1,s3,40001f6c <dispatch_isr+0x1a0>
40001f24:	00000000 	nop
40001f28:	0c0006f4 	jal	40001bd0 <hf_queue_remhead>
40001f2c:	8e44e804 	lw	a0,-6140(s2)
40001f30:	1040004e 	beqz	v0,4000206c <dispatch_isr+0x2a0>
40001f34:	00000000 	nop
40001f38:	8c43001c 	lw	v1,28(v0)
40001f3c:	2463ffff 	addiu	v1,v1,-1
40001f40:	1060ffeb 	beqz	v1,40001ef0 <dispatch_isr+0x124>
40001f44:	ac43001c 	sw	v1,28(v0)
40001f48:	8e44e804 	lw	a0,-6140(s2)
40001f4c:	0c0006d2 	jal	40001b48 <hf_queue_addtail>
40001f50:	00402821 	move	a1,v0
40001f54:	1040fff1 	beqz	v0,40001f1c <dispatch_isr+0x150>
40001f58:	2404000a 	li	a0,10
40001f5c:	0c000631 	jal	400018c4 <panic>
40001f60:	26310001 	addiu	s1,s1,1
40001f64:	1633fff0 	bne	s1,s3,40001f28 <dispatch_isr+0x15c>
40001f68:	00000000 	nop
40001f6c:	3c124008 	lui	s2,0x4008
40001f70:	8e42e7c4 	lw	v0,-6204(s2)
40001f74:	3c114008 	lui	s1,0x4008
40001f78:	0040f809 	jalr	v0
40001f7c:	2656e7c4 	addiu	s6,s2,-6204
40001f80:	3055ffff 	andi	s5,v0,0xffff
40001f84:	12a0003e 	beqz	s5,40002080 <dispatch_isr+0x2b4>
40001f88:	a695e7e0 	sh	s5,-6176(s4)
40001f8c:	8e02e7e4 	lw	v0,-6172(s0)
40001f90:	8ec3000c 	lw	v1,12(s6)
40001f94:	24040002 	li	a0,2
40001f98:	94530030 	lhu	s3,48(v0)
40001f9c:	94520032 	lhu	s2,50(v0)
40001fa0:	24630001 	addiu	v1,v1,1
40001fa4:	94510034 	lhu	s1,52(v0)
40001fa8:	a0440016 	sb	a0,22(v0)
40001fac:	0c000150 	jal	40000540 <_read_us>
40001fb0:	aec3000c 	sw	v1,12(s6)
40001fb4:	3c044000 	lui	a0,0x4000
40001fb8:	24843014 	addiu	a0,a0,12308
40001fbc:	02a02821 	move	a1,s5
40001fc0:	02603021 	move	a2,s3
40001fc4:	02403821 	move	a3,s2
40001fc8:	afa30014 	sw	v1,20(sp)
40001fcc:	0c00029f 	jal	40000a7c <dprintf>
40001fd0:	afb10010 	sw	s1,16(sp)
40001fd4:	8e04e7e4 	lw	a0,-6172(s0)
40001fd8:	24050001 	li	a1,1
40001fdc:	0c000097 	jal	4000025c <_context_restore>
40001fe0:	2484003c 	addiu	a0,a0,60
40001fe4:	240400ff 	li	a0,255
40001fe8:	8fbf0044 	lw	ra,68(sp)
40001fec:	8fb70040 	lw	s7,64(sp)
40001ff0:	8fb6003c 	lw	s6,60(sp)
40001ff4:	8fb50038 	lw	s5,56(sp)
40001ff8:	8fb40034 	lw	s4,52(sp)
40001ffc:	8fb30030 	lw	s3,48(sp)
40002000:	8fb2002c 	lw	s2,44(sp)
40002004:	8fb10028 	lw	s1,40(sp)
40002008:	8fb00024 	lw	s0,36(sp)
4000200c:	08000631 	j	400018c4 <panic>
40002010:	27bd0048 	addiu	sp,sp,72
40002014:	080007a6 	j	40001e98 <dispatch_isr+0xcc>
40002018:	a0430016 	sb	v1,22(v0)
4000201c:	0c0006d2 	jal	40001b48 <hf_queue_addtail>
40002020:	00402821 	move	a1,v0
40002024:	1040ffbd 	beqz	v0,40001f1c <dispatch_isr+0x150>
40002028:	00000000 	nop
4000202c:	0c000631 	jal	400018c4 <panic>
40002030:	24040009 	li	a0,9
40002034:	080007c8 	j	40001f20 <dispatch_isr+0x154>
40002038:	26310001 	addiu	s1,s1,1
4000203c:	0c0006d2 	jal	40001b48 <hf_queue_addtail>
40002040:	00402821 	move	a1,v0
40002044:	1040ffb5 	beqz	v0,40001f1c <dispatch_isr+0x150>
40002048:	00000000 	nop
4000204c:	0c000631 	jal	400018c4 <panic>
40002050:	2404000b 	li	a0,11
40002054:	080007c8 	j	40001f20 <dispatch_isr+0x154>
40002058:	26310001 	addiu	s1,s1,1
4000205c:	0c000631 	jal	400018c4 <panic>
40002060:	24040011 	li	a0,17
40002064:	080007c8 	j	40001f20 <dispatch_isr+0x154>
40002068:	26310001 	addiu	s1,s1,1
4000206c:	24040007 	li	a0,7
40002070:	0c000631 	jal	400018c4 <panic>
40002074:	afa20018 	sw	v0,24(sp)
40002078:	080007ce 	j	40001f38 <dispatch_isr+0x16c>
4000207c:	8fa20018 	lw	v0,24(sp)
40002080:	8ec20018 	lw	v0,24(s6)
40002084:	0040f809 	jalr	v0
40002088:	00000000 	nop
4000208c:	3055ffff 	andi	s5,v0,0xffff
40002090:	16a0ffbe 	bnez	s5,40001f8c <dispatch_isr+0x1c0>
40002094:	a635e7e0 	sh	s5,-6176(s1)
40002098:	3c044000 	lui	a0,0x4000
4000209c:	0c00041c 	jal	40001070 <printf>
400020a0:	24843000 	addiu	a0,a0,12288
400020a4:	9635e7e0 	lhu	s5,-6176(s1)
400020a8:	16a0ffb8 	bnez	s5,40001f8c <dispatch_isr+0x1c0>
400020ac:	00000000 	nop
400020b0:	8ec20004 	lw	v0,4(s6)
400020b4:	0040f809 	jalr	v0
400020b8:	00000000 	nop
400020bc:	3055ffff 	andi	s5,v0,0xffff
400020c0:	080007e3 	j	40001f8c <dispatch_isr+0x1c0>
400020c4:	a635e7e0 	sh	s5,-6176(s1)

400020c8 <sched_aperiodic_rr>:
400020c8:	27bdffd8 	addiu	sp,sp,-40
400020cc:	afb00014 	sw	s0,20(sp)
400020d0:	3c104008 	lui	s0,0x4008
400020d4:	8e04e7ec 	lw	a0,-6164(s0)
400020d8:	afbf0024 	sw	ra,36(sp)
400020dc:	afb30020 	sw	s3,32(sp)
400020e0:	afb2001c 	sw	s2,28(sp)
400020e4:	0c0006d0 	jal	40001b40 <hf_queue_count>
400020e8:	afb10018 	sw	s1,24(sp)
400020ec:	1040001b 	beqz	v0,4000215c <sched_aperiodic_rr+0x94>
400020f0:	00001821 	move	v1,zero
400020f4:	3c114008 	lui	s1,0x4008
400020f8:	02209821 	move	s3,s1
400020fc:	08000844 	j	40002110 <sched_aperiodic_rr+0x48>
40002100:	24120003 	li	s2,3
40002104:	90430016 	lbu	v1,22(v0)
40002108:	14720010 	bne	v1,s2,4000214c <sched_aperiodic_rr+0x84>
4000210c:	00000000 	nop
40002110:	0c0006f4 	jal	40001bd0 <hf_queue_remhead>
40002114:	8e04e7ec 	lw	a0,-6164(s0)
40002118:	10400018 	beqz	v0,4000217c <sched_aperiodic_rr+0xb4>
4000211c:	ae22e7e4 	sw	v0,-6172(s1)
40002120:	8e04e7ec 	lw	a0,-6164(s0)
40002124:	0c0006d2 	jal	40001b48 <hf_queue_addtail>
40002128:	00402821 	move	a1,v0
4000212c:	1040fff5 	beqz	v0,40002104 <sched_aperiodic_rr+0x3c>
40002130:	8e22e7e4 	lw	v0,-6172(s1)
40002134:	0c000631 	jal	400018c4 <panic>
40002138:	24040011 	li	a0,17
4000213c:	8e22e7e4 	lw	v0,-6172(s1)
40002140:	90430016 	lbu	v1,22(v0)
40002144:	1072fff2 	beq	v1,s2,40002110 <sched_aperiodic_rr+0x48>
40002148:	00000000 	nop
4000214c:	8c440024 	lw	a0,36(v0)
40002150:	94430000 	lhu	v1,0(v0)
40002154:	24840001 	addiu	a0,a0,1
40002158:	ac440024 	sw	a0,36(v0)
4000215c:	8fbf0024 	lw	ra,36(sp)
40002160:	00601021 	move	v0,v1
40002164:	8fb30020 	lw	s3,32(sp)
40002168:	8fb2001c 	lw	s2,28(sp)
4000216c:	8fb10018 	lw	s1,24(sp)
40002170:	8fb00014 	lw	s0,20(sp)
40002174:	03e00008 	jr	ra
40002178:	27bd0028 	addiu	sp,sp,40
4000217c:	0c000631 	jal	400018c4 <panic>
40002180:	24040010 	li	a0,16
40002184:	08000848 	j	40002120 <sched_aperiodic_rr+0x58>
40002188:	8e62e7e4 	lw	v0,-6172(s3)

4000218c <sched_priorityrr>:
4000218c:	3c024008 	lui	v0,0x4008
40002190:	8c44e7f8 	lw	a0,-6152(v0)
40002194:	27bdffd0 	addiu	sp,sp,-48
40002198:	afb2001c 	sw	s2,28(sp)
4000219c:	afbf002c 	sw	ra,44(sp)
400021a0:	afb50028 	sw	s5,40(sp)
400021a4:	afb40024 	sw	s4,36(sp)
400021a8:	afb30020 	sw	s3,32(sp)
400021ac:	afb10018 	sw	s1,24(sp)
400021b0:	0c0006d0 	jal	40001b40 <hf_queue_count>
400021b4:	afb00014 	sw	s0,20(sp)
400021b8:	10400048 	beqz	v0,400022dc <sched_priorityrr+0x150>
400021bc:	00409021 	move	s2,v0
400021c0:	0c000757 	jal	40001d5c <run_queue_next>
400021c4:	00000000 	nop
400021c8:	1a400048 	blez	s2,400022ec <sched_priorityrr+0x160>
400021cc:	241400ff 	li	s4,255
400021d0:	00008021 	move	s0,zero
400021d4:	00008821 	move	s1,zero
400021d8:	3c134008 	lui	s3,0x4008
400021dc:	24150003 	li	s5,3
400021e0:	0c000757 	jal	40001d5c <run_queue_next>
400021e4:	26310001 	addiu	s1,s1,1
400021e8:	8e63e7e4 	lw	v1,-6172(s3)
400021ec:	90640019 	lbu	a0,25(v1)
400021f0:	10800004 	beqz	a0,40002204 <sched_priorityrr+0x78>
400021f4:	00000000 	nop
400021f8:	90620016 	lbu	v0,22(v1)
400021fc:	14550028 	bne	v0,s5,400022a0 <sched_priorityrr+0x114>
40002200:	00000000 	nop
40002204:	90620018 	lbu	v0,24(v1)
40002208:	0054202b 	sltu	a0,v0,s4
4000220c:	10800006 	beqz	a0,40002228 <sched_priorityrr+0x9c>
40002210:	00000000 	nop
40002214:	90640016 	lbu	a0,22(v1)
40002218:	10950003 	beq	a0,s5,40002228 <sched_priorityrr+0x9c>
4000221c:	00000000 	nop
40002220:	00608021 	move	s0,v1
40002224:	0040a021 	move	s4,v0
40002228:	1632ffed 	bne	s1,s2,400021e0 <sched_priorityrr+0x54>
4000222c:	00000000 	nop
40002230:	00008821 	move	s1,zero
40002234:	0c000757 	jal	40001d5c <run_queue_next>
40002238:	26310001 	addiu	s1,s1,1
4000223c:	8e63e7e4 	lw	v1,-6172(s3)
40002240:	12030005 	beq	s0,v1,40002258 <sched_priorityrr+0xcc>
40002244:	00000000 	nop
40002248:	90640018 	lbu	a0,24(v1)
4000224c:	92020018 	lbu	v0,24(s0)
40002250:	00821023 	subu	v0,a0,v0
40002254:	a0620018 	sb	v0,24(v1)
40002258:	1632fff6 	bne	s1,s2,40002234 <sched_priorityrr+0xa8>
4000225c:	00000000 	nop
40002260:	92020017 	lbu	v0,23(s0)
40002264:	8e030028 	lw	v1,40(s0)
40002268:	ae70e7e4 	sw	s0,-6172(s3)
4000226c:	a2020018 	sb	v0,24(s0)
40002270:	8fbf002c 	lw	ra,44(sp)
40002274:	24630001 	addiu	v1,v1,1
40002278:	96020000 	lhu	v0,0(s0)
4000227c:	ae030028 	sw	v1,40(s0)
40002280:	8fb50028 	lw	s5,40(sp)
40002284:	8fb40024 	lw	s4,36(sp)
40002288:	8fb30020 	lw	s3,32(sp)
4000228c:	8fb2001c 	lw	s2,28(sp)
40002290:	8fb10018 	lw	s1,24(sp)
40002294:	8fb00014 	lw	s0,20(sp)
40002298:	03e00008 	jr	ra
4000229c:	27bd0030 	addiu	sp,sp,48
400022a0:	00608021 	move	s0,v1
400022a4:	a0600019 	sb	zero,25(v1)
400022a8:	8e030028 	lw	v1,40(s0)
400022ac:	8fbf002c 	lw	ra,44(sp)
400022b0:	96020000 	lhu	v0,0(s0)
400022b4:	24630001 	addiu	v1,v1,1
400022b8:	ae030028 	sw	v1,40(s0)
400022bc:	8fb50028 	lw	s5,40(sp)
400022c0:	8fb40024 	lw	s4,36(sp)
400022c4:	8fb30020 	lw	s3,32(sp)
400022c8:	8fb2001c 	lw	s2,28(sp)
400022cc:	8fb10018 	lw	s1,24(sp)
400022d0:	8fb00014 	lw	s0,20(sp)
400022d4:	03e00008 	jr	ra
400022d8:	27bd0030 	addiu	sp,sp,48
400022dc:	0c000631 	jal	400018c4 <panic>
400022e0:	24040005 	li	a0,5
400022e4:	0c000757 	jal	40001d5c <run_queue_next>
400022e8:	00000000 	nop
400022ec:	00008021 	move	s0,zero
400022f0:	08000898 	j	40002260 <sched_priorityrr+0xd4>
400022f4:	3c134008 	lui	s3,0x4008

400022f8 <sched_rma>:
400022f8:	27bdffc8 	addiu	sp,sp,-56
400022fc:	afb10018 	sw	s1,24(sp)
40002300:	3c114008 	lui	s1,0x4008
40002304:	8e24e7fc 	lw	a0,-6148(s1)
40002308:	afb30020 	sw	s3,32(sp)
4000230c:	afbf0034 	sw	ra,52(sp)
40002310:	afb70030 	sw	s7,48(sp)
40002314:	afb6002c 	sw	s6,44(sp)
40002318:	afb50028 	sw	s5,40(sp)
4000231c:	afb40024 	sw	s4,36(sp)
40002320:	afb2001c 	sw	s2,28(sp)
40002324:	0c0006d0 	jal	40001b40 <hf_queue_count>
40002328:	afb00014 	sw	s0,20(sp)
4000232c:	00409821 	move	s3,v0
40002330:	12600059 	beqz	s3,40002498 <sched_rma+0x1a0>
40002334:	00001021 	move	v0,zero
40002338:	2676ffff 	addiu	s6,s3,-1
4000233c:	00009021 	move	s2,zero
40002340:	0256102a 	slt	v0,s2,s6
40002344:	10400023 	beqz	v0,400023d4 <sched_rma+0xdc>
40002348:	0220a821 	move	s5,s1
4000234c:	26540001 	addiu	s4,s2,1
40002350:	0293102a 	slt	v0,s4,s3
40002354:	1040001b 	beqz	v0,400023c4 <sched_rma+0xcc>
40002358:	00000000 	nop
4000235c:	080008dc 	j	40002370 <sched_rma+0x78>
40002360:	02808021 	move	s0,s4
40002364:	26100001 	addiu	s0,s0,1
40002368:	12130016 	beq	s0,s3,400023c4 <sched_rma+0xcc>
4000236c:	00000000 	nop
40002370:	8e24e7fc 	lw	a0,-6148(s1)
40002374:	0c00070f 	jal	40001c3c <hf_queue_get>
40002378:	02402821 	move	a1,s2
4000237c:	8e24e7fc 	lw	a0,-6148(s1)
40002380:	02002821 	move	a1,s0
40002384:	0c00070f 	jal	40001c3c <hf_queue_get>
40002388:	0040b821 	move	s7,v0
4000238c:	94420030 	lhu	v0,48(v0)
40002390:	96e30030 	lhu	v1,48(s7)
40002394:	0043102b 	sltu	v0,v0,v1
40002398:	1040fff2 	beqz	v0,40002364 <sched_rma+0x6c>
4000239c:	8ea4e7fc 	lw	a0,-6148(s5)
400023a0:	02003021 	move	a2,s0
400023a4:	0c000728 	jal	40001ca0 <hf_queue_swap>
400023a8:	02402821 	move	a1,s2
400023ac:	1040ffed 	beqz	v0,40002364 <sched_rma+0x6c>
400023b0:	2404000c 	li	a0,12
400023b4:	0c000631 	jal	400018c4 <panic>
400023b8:	26100001 	addiu	s0,s0,1
400023bc:	1613ffed 	bne	s0,s3,40002374 <sched_rma+0x7c>
400023c0:	8e24e7fc 	lw	a0,-6148(s1)
400023c4:	02809021 	move	s2,s4
400023c8:	0296102a 	slt	v0,s4,s6
400023cc:	1440ffe0 	bnez	v0,40002350 <sched_rma+0x58>
400023d0:	26540001 	addiu	s4,s2,1
400023d4:	1a60002c 	blez	s3,40002488 <sched_rma+0x190>
400023d8:	3c124008 	lui	s2,0x4008
400023dc:	0000a821 	move	s5,zero
400023e0:	00008021 	move	s0,zero
400023e4:	0240b021 	move	s6,s2
400023e8:	24140003 	li	s4,3
400023ec:	0c0006f4 	jal	40001bd0 <hf_queue_remhead>
400023f0:	8e24e7fc 	lw	a0,-6148(s1)
400023f4:	1040004e 	beqz	v0,40002530 <sched_rma+0x238>
400023f8:	ae42e7e4 	sw	v0,-6172(s2)
400023fc:	8e24e7fc 	lw	a0,-6148(s1)
40002400:	0c0006d2 	jal	40001b48 <hf_queue_addtail>
40002404:	00402821 	move	a1,v0
40002408:	1440002e 	bnez	v0,400024c4 <sched_rma+0x1cc>
4000240c:	00000000 	nop
40002410:	8e42e7e4 	lw	v0,-6172(s2)
40002414:	90430016 	lbu	v1,22(v0)
40002418:	10740008 	beq	v1,s4,4000243c <sched_rma+0x144>
4000241c:	00000000 	nop
40002420:	94430036 	lhu	v1,54(v0)
40002424:	10600005 	beqz	v1,4000243c <sched_rma+0x144>
40002428:	00000000 	nop
4000242c:	16a00003 	bnez	s5,4000243c <sched_rma+0x144>
40002430:	2463ffff 	addiu	v1,v1,-1
40002434:	94550000 	lhu	s5,0(v0)
40002438:	a4430036 	sh	v1,54(v0)
4000243c:	94430038 	lhu	v1,56(v0)
40002440:	2463ffff 	addiu	v1,v1,-1
40002444:	3063ffff 	andi	v1,v1,0xffff
40002448:	1460000a 	bnez	v1,40002474 <sched_rma+0x17c>
4000244c:	a4430038 	sh	v1,56(v0)
40002450:	94440030 	lhu	a0,48(v0)
40002454:	94430036 	lhu	v1,54(v0)
40002458:	10600004 	beqz	v1,4000246c <sched_rma+0x174>
4000245c:	a4440038 	sh	a0,56(v0)
40002460:	8c43002c 	lw	v1,44(v0)
40002464:	24630001 	addiu	v1,v1,1
40002468:	ac43002c 	sw	v1,44(v0)
4000246c:	94430032 	lhu	v1,50(v0)
40002470:	a4430036 	sh	v1,54(v0)
40002474:	26100001 	addiu	s0,s0,1
40002478:	1613ffdc 	bne	s0,s3,400023ec <sched_rma+0xf4>
4000247c:	00000000 	nop
40002480:	16a00014 	bnez	s5,400024d4 <sched_rma+0x1dc>
40002484:	001518c0 	sll	v1,s5,0x3
40002488:	3c024000 	lui	v0,0x4000
4000248c:	2442345c 	addiu	v0,v0,13404
40002490:	ae42e7e4 	sw	v0,-6172(s2)
40002494:	00001021 	move	v0,zero
40002498:	8fbf0034 	lw	ra,52(sp)
4000249c:	8fb70030 	lw	s7,48(sp)
400024a0:	8fb6002c 	lw	s6,44(sp)
400024a4:	8fb50028 	lw	s5,40(sp)
400024a8:	8fb40024 	lw	s4,36(sp)
400024ac:	8fb30020 	lw	s3,32(sp)
400024b0:	8fb2001c 	lw	s2,28(sp)
400024b4:	8fb10018 	lw	s1,24(sp)
400024b8:	8fb00014 	lw	s0,20(sp)
400024bc:	03e00008 	jr	ra
400024c0:	27bd0038 	addiu	sp,sp,56
400024c4:	0c000631 	jal	400018c4 <panic>
400024c8:	2404000b 	li	a0,11
400024cc:	08000905 	j	40002414 <sched_rma+0x11c>
400024d0:	8e42e7e4 	lw	v0,-6172(s2)
400024d4:	00151140 	sll	v0,s5,0x5
400024d8:	00621021 	addu	v0,v1,v0
400024dc:	00551023 	subu	v0,v0,s5
400024e0:	3c034000 	lui	v1,0x4000
400024e4:	00021080 	sll	v0,v0,0x2
400024e8:	2463345c 	addiu	v1,v1,13404
400024ec:	00621821 	addu	v1,v1,v0
400024f0:	8c640020 	lw	a0,32(v1)
400024f4:	8fbf0034 	lw	ra,52(sp)
400024f8:	02a01021 	move	v0,s5
400024fc:	24840001 	addiu	a0,a0,1
40002500:	ae43e7e4 	sw	v1,-6172(s2)
40002504:	8fb70030 	lw	s7,48(sp)
40002508:	8fb6002c 	lw	s6,44(sp)
4000250c:	8fb50028 	lw	s5,40(sp)
40002510:	8fb40024 	lw	s4,36(sp)
40002514:	8fb30020 	lw	s3,32(sp)
40002518:	8fb2001c 	lw	s2,28(sp)
4000251c:	8fb10018 	lw	s1,24(sp)
40002520:	8fb00014 	lw	s0,20(sp)
40002524:	ac640020 	sw	a0,32(v1)
40002528:	03e00008 	jr	ra
4000252c:	27bd0038 	addiu	sp,sp,56
40002530:	0c000631 	jal	400018c4 <panic>
40002534:	24040006 	li	a0,6
40002538:	080008ff 	j	400023fc <sched_rma+0x104>
4000253c:	8ec2e7e4 	lw	v0,-6172(s6)

40002540 <hf_selfid>:
40002540:	27bdffe8 	addiu	sp,sp,-24
40002544:	afbf0014 	sw	ra,20(sp)
40002548:	0c000150 	jal	40000540 <_read_us>
4000254c:	00000000 	nop
40002550:	3c044000 	lui	a0,0x4000
40002554:	00602821 	move	a1,v1
40002558:	0c00029f 	jal	40000a7c <dprintf>
4000255c:	24843044 	addiu	a0,a0,12356
40002560:	3c024008 	lui	v0,0x4008
40002564:	8c42e7e4 	lw	v0,-6172(v0)
40002568:	8fbf0014 	lw	ra,20(sp)
4000256c:	27bd0018 	addiu	sp,sp,24
40002570:	03e00008 	jr	ra
40002574:	94420000 	lhu	v0,0(v0)

40002578 <hf_spawn>:
40002578:	27bdffa0 	addiu	sp,sp,-96
4000257c:	afb20040 	sw	s2,64(sp)
40002580:	00809021 	move	s2,a0
40002584:	3c044000 	lui	a0,0x4000
40002588:	248430c8 	addiu	a0,a0,12488
4000258c:	afbf005c 	sw	ra,92(sp)
40002590:	afb60050 	sw	s6,80(sp)
40002594:	afb1003c 	sw	s1,60(sp)
40002598:	30f6ffff 	andi	s6,a3,0xffff
4000259c:	30b1ffff 	andi	s1,a1,0xffff
400025a0:	afb00038 	sw	s0,56(sp)
400025a4:	afbe0058 	sw	s8,88(sp)
400025a8:	30d0ffff 	andi	s0,a2,0xffff
400025ac:	afb70054 	sw	s7,84(sp)
400025b0:	afb5004c 	sw	s5,76(sp)
400025b4:	afb40048 	sw	s4,72(sp)
400025b8:	afb30044 	sw	s3,68(sp)
400025bc:	afa00028 	sw	zero,40(sp)
400025c0:	0c00041c 	jal	40001070 <printf>
400025c4:	00000000 	nop
400025c8:	0c000150 	jal	40000540 <_read_us>
400025cc:	00000000 	nop
400025d0:	3c044000 	lui	a0,0x4000
400025d4:	00602821 	move	a1,v1
400025d8:	0c00029f 	jal	40000a7c <dprintf>
400025dc:	248430d8 	addiu	a0,a0,12504
400025e0:	02d0182b 	sltu	v1,s6,s0
400025e4:	14600086 	bnez	v1,40002800 <hf_spawn+0x288>
400025e8:	2402ff9b 	li	v0,-101
400025ec:	0c000082 	jal	40000208 <_interrupt_set>
400025f0:	00002021 	move	a0,zero
400025f4:	afa2002c 	sw	v0,44(sp)
400025f8:	3c134000 	lui	s3,0x4000
400025fc:	8fa20028 	lw	v0,40(sp)
40002600:	0800098a 	j	40002628 <hf_spawn+0xb0>
40002604:	2673345c 	addiu	s3,s3,13404
40002608:	8fa20028 	lw	v0,40(sp)
4000260c:	2c42001e 	sltiu	v0,v0,30
40002610:	1040000e 	beqz	v0,4000264c <hf_spawn+0xd4>
40002614:	00000000 	nop
40002618:	8fa20028 	lw	v0,40(sp)
4000261c:	24420001 	addiu	v0,v0,1
40002620:	afa20028 	sw	v0,40(sp)
40002624:	8fa20028 	lw	v0,40(sp)
40002628:	000220c0 	sll	a0,v0,0x3
4000262c:	00021940 	sll	v1,v0,0x5
40002630:	00831821 	addu	v1,a0,v1
40002634:	00621023 	subu	v0,v1,v0
40002638:	00021080 	sll	v0,v0,0x2
4000263c:	02621021 	addu	v0,s3,v0
40002640:	8c42008c 	lw	v0,140(v0)
40002644:	1440fff0 	bnez	v0,40002608 <hf_spawn+0x90>
40002648:	00000000 	nop
4000264c:	8fa30028 	lw	v1,40(sp)
40002650:	2402001e 	li	v0,30
40002654:	106200aa 	beq	v1,v0,40002900 <hf_spawn+0x388>
40002658:	00000000 	nop
4000265c:	8fa20028 	lw	v0,40(sp)
40002660:	3c174008 	lui	s7,0x4008
40002664:	96e7e7f0 	lhu	a3,-6160(s7)
40002668:	000220c0 	sll	a0,v0,0x3
4000266c:	00021940 	sll	v1,v0,0x5
40002670:	00831821 	addu	v1,a0,v1
40002674:	00621023 	subu	v0,v1,v0
40002678:	8fa30028 	lw	v1,40(sp)
4000267c:	8fa50070 	lw	a1,112(sp)
40002680:	00021080 	sll	v0,v0,0x2
40002684:	02621021 	addu	v0,s3,v0
40002688:	3c144008 	lui	s4,0x4008
4000268c:	24e70001 	addiu	a3,a3,1
40002690:	24060014 	li	a2,20
40002694:	a4430000 	sh	v1,0(v0)
40002698:	24440002 	addiu	a0,v0,2
4000269c:	a6e7e7f0 	sh	a3,-6160(s7)
400026a0:	0c0003f4 	jal	40000fd0 <strncpy>
400026a4:	ae82e7e4 	sw	v0,-6172(s4)
400026a8:	8fb50074 	lw	s5,116(sp)
400026ac:	8e9ee7e4 	lw	s8,-6172(s4)
400026b0:	24020064 	li	v0,100
400026b4:	26b50003 	addiu	s5,s5,3
400026b8:	0015a882 	srl	s5,s5,0x2
400026bc:	0015a880 	sll	s5,s5,0x2
400026c0:	02a02021 	move	a0,s5
400026c4:	a3c00016 	sb	zero,22(s8)
400026c8:	a3c20017 	sb	v0,23(s8)
400026cc:	a3c20018 	sb	v0,24(s8)
400026d0:	afc0001c 	sw	zero,28(s8)
400026d4:	a7d10030 	sh	s1,48(s8)
400026d8:	a7d00032 	sh	s0,50(s8)
400026dc:	a7d60034 	sh	s6,52(s8)
400026e0:	a7d00036 	sh	s0,54(s8)
400026e4:	a7d60038 	sh	s6,56(s8)
400026e8:	afc00020 	sw	zero,32(s8)
400026ec:	afc00024 	sw	zero,36(s8)
400026f0:	afc00028 	sw	zero,40(s8)
400026f4:	afc0002c 	sw	zero,44(s8)
400026f8:	afd2008c 	sw	s2,140(s8)
400026fc:	0c0005b5 	jal	400016d4 <hf_malloc>
40002700:	afd50094 	sw	s5,148(s8)
40002704:	8e83e7e4 	lw	v1,-6172(s4)
40002708:	afc20090 	sw	v0,144(s8)
4000270c:	8c650090 	lw	a1,144(v1)
40002710:	94640000 	lhu	a0,0(v1)
40002714:	24a5fffc 	addiu	a1,a1,-4
40002718:	0c00012d 	jal	400004b4 <_set_task_sp>
4000271c:	00b52821 	addu	a1,a1,s5
40002720:	8e82e7e4 	lw	v0,-6172(s4)
40002724:	8c45008c 	lw	a1,140(v0)
40002728:	0c000143 	jal	4000050c <_set_task_tp>
4000272c:	94440000 	lhu	a0,0(v0)
40002730:	8e85e7e4 	lw	a1,-6172(s4)
40002734:	8ca20090 	lw	v0,144(a1)
40002738:	1040005a 	beqz	v0,400028a4 <hf_spawn+0x32c>
4000273c:	3c03b00b 	lui	v1,0xb00b
40002740:	94a60000 	lhu	a2,0(a1)
40002744:	3463b00b 	ori	v1,v1,0xb00b
40002748:	94be0030 	lhu	s8,48(a1)
4000274c:	94b70032 	lhu	s7,50(a1)
40002750:	94b60034 	lhu	s6,52(a1)
40002754:	8cb2008c 	lw	s2,140(a1)
40002758:	00c02021 	move	a0,a2
4000275c:	ac430000 	sw	v1,0(v0)
40002760:	afa50030 	sw	a1,48(sp)
40002764:	0c000138 	jal	400004e0 <_get_task_sp>
40002768:	afa60034 	sw	a2,52(sp)
4000276c:	8fa50030 	lw	a1,48(sp)
40002770:	8fa60034 	lw	a2,52(sp)
40002774:	3c044000 	lui	a0,0x4000
40002778:	24843110 	addiu	a0,a0,12560
4000277c:	24a50002 	addiu	a1,a1,2
40002780:	03c03821 	move	a3,s8
40002784:	afb70010 	sw	s7,16(sp)
40002788:	afb60014 	sw	s6,20(sp)
4000278c:	afb20018 	sw	s2,24(sp)
40002790:	afa2001c 	sw	v0,28(sp)
40002794:	0c000222 	jal	40000888 <kprintf>
40002798:	afb50020 	sw	s5,32(sp)
4000279c:	16200031 	bnez	s1,40002864 <hf_spawn+0x2ec>
400027a0:	3c044000 	lui	a0,0x4000
400027a4:	12000022 	beqz	s0,40002830 <hf_spawn+0x2b8>
400027a8:	00000000 	nop
400027ac:	3c044000 	lui	a0,0x4000
400027b0:	0c00041c 	jal	40001070 <printf>
400027b4:	2484317c 	addiu	a0,a0,12668
400027b8:	3c024008 	lui	v0,0x4008
400027bc:	8c44e7ec 	lw	a0,-6164(v0)
400027c0:	0c0006d2 	jal	40001b48 <hf_queue_addtail>
400027c4:	8e85e7e4 	lw	a1,-6172(s4)
400027c8:	14400032 	bnez	v0,40002894 <hf_spawn+0x31c>
400027cc:	00000000 	nop
400027d0:	3c024008 	lui	v0,0x4008
400027d4:	9442e7e0 	lhu	v0,-6176(v0)
400027d8:	8fa4002c 	lw	a0,44(sp)
400027dc:	000228c0 	sll	a1,v0,0x3
400027e0:	00021940 	sll	v1,v0,0x5
400027e4:	00a31821 	addu	v1,a1,v1
400027e8:	00621023 	subu	v0,v1,v0
400027ec:	00021080 	sll	v0,v0,0x2
400027f0:	02629821 	addu	s3,s3,v0
400027f4:	0c000082 	jal	40000208 <_interrupt_set>
400027f8:	ae93e7e4 	sw	s3,-6172(s4)
400027fc:	8fa20028 	lw	v0,40(sp)
40002800:	8fbf005c 	lw	ra,92(sp)
40002804:	8fbe0058 	lw	s8,88(sp)
40002808:	8fb70054 	lw	s7,84(sp)
4000280c:	8fb60050 	lw	s6,80(sp)
40002810:	8fb5004c 	lw	s5,76(sp)
40002814:	8fb40048 	lw	s4,72(sp)
40002818:	8fb30044 	lw	s3,68(sp)
4000281c:	8fb20040 	lw	s2,64(sp)
40002820:	8fb1003c 	lw	s1,60(sp)
40002824:	8fb00038 	lw	s0,56(sp)
40002828:	03e00008 	jr	ra
4000282c:	27bd0060 	addiu	sp,sp,96
40002830:	3c044000 	lui	a0,0x4000
40002834:	0c00041c 	jal	40001070 <printf>
40002838:	248431a0 	addiu	a0,a0,12704
4000283c:	3c024008 	lui	v0,0x4008
40002840:	8c44e7f8 	lw	a0,-6152(v0)
40002844:	0c0006d2 	jal	40001b48 <hf_queue_addtail>
40002848:	8e85e7e4 	lw	a1,-6172(s4)
4000284c:	1040ffe0 	beqz	v0,400027d0 <hf_spawn+0x258>
40002850:	00000000 	nop
40002854:	0c000631 	jal	400018c4 <panic>
40002858:	24040009 	li	a0,9
4000285c:	080009f5 	j	400027d4 <hf_spawn+0x25c>
40002860:	3c024008 	lui	v0,0x4008
40002864:	0c00041c 	jal	40001070 <printf>
40002868:	24843158 	addiu	a0,a0,12632
4000286c:	3c024008 	lui	v0,0x4008
40002870:	8c44e7fc 	lw	a0,-6148(v0)
40002874:	0c0006d2 	jal	40001b48 <hf_queue_addtail>
40002878:	8e85e7e4 	lw	a1,-6172(s4)
4000287c:	1040ffd4 	beqz	v0,400027d0 <hf_spawn+0x258>
40002880:	00000000 	nop
40002884:	0c000631 	jal	400018c4 <panic>
40002888:	2404000b 	li	a0,11
4000288c:	080009f5 	j	400027d4 <hf_spawn+0x25c>
40002890:	3c024008 	lui	v0,0x4008
40002894:	0c000631 	jal	400018c4 <panic>
40002898:	24040011 	li	a0,17
4000289c:	080009f5 	j	400027d4 <hf_spawn+0x25c>
400028a0:	3c024008 	lui	v0,0x4008
400028a4:	96e2e7f0 	lhu	v0,-6160(s7)
400028a8:	3c044000 	lui	a0,0x4000
400028ac:	aca0008c 	sw	zero,140(a1)
400028b0:	2442ffff 	addiu	v0,v0,-1
400028b4:	248431c4 	addiu	a0,a0,12740
400028b8:	0c000222 	jal	40000888 <kprintf>
400028bc:	a6e2e7f0 	sh	v0,-6160(s7)
400028c0:	2402ff98 	li	v0,-104
400028c4:	afa20028 	sw	v0,40(sp)
400028c8:	3c024008 	lui	v0,0x4008
400028cc:	9442e7e0 	lhu	v0,-6176(v0)
400028d0:	8fa4002c 	lw	a0,44(sp)
400028d4:	000228c0 	sll	a1,v0,0x3
400028d8:	00021940 	sll	v1,v0,0x5
400028dc:	00a31821 	addu	v1,a1,v1
400028e0:	00621023 	subu	v0,v1,v0
400028e4:	00021080 	sll	v0,v0,0x2
400028e8:	02629821 	addu	s3,s3,v0
400028ec:	0c000082 	jal	40000208 <_interrupt_set>
400028f0:	ae93e7e4 	sw	s3,-6172(s4)
400028f4:	8fa20028 	lw	v0,40(sp)
400028f8:	08000a01 	j	40002804 <hf_spawn+0x28c>
400028fc:	8fbf005c 	lw	ra,92(sp)
40002900:	3c044000 	lui	a0,0x4000
40002904:	248430e8 	addiu	a0,a0,12520
40002908:	0c000222 	jal	40000888 <kprintf>
4000290c:	2405001e 	li	a1,30
40002910:	8fa4002c 	lw	a0,44(sp)
40002914:	0c000082 	jal	40000208 <_interrupt_set>
40002918:	00000000 	nop
4000291c:	08000a00 	j	40002800 <hf_spawn+0x288>
40002920:	2402ff99 	li	v0,-103

40002924 <thread>:
40002924:	27bdffe0 	addiu	sp,sp,-32
40002928:	afb10018 	sw	s1,24(sp)
4000292c:	3c114000 	lui	s1,0x4000
40002930:	afb00014 	sw	s0,20(sp)
40002934:	afbf001c 	sw	ra,28(sp)
40002938:	2410000a 	li	s0,10
4000293c:	26313370 	addiu	s1,s1,13168
40002940:	0c000950 	jal	40002540 <hf_selfid>
40002944:	2610ffff 	addiu	s0,s0,-1
40002948:	00402821 	move	a1,v0
4000294c:	0c00041c 	jal	40001070 <printf>
40002950:	02202021 	move	a0,s1
40002954:	0c0000b6 	jal	400002d8 <delay_ms>
40002958:	240403e8 	li	a0,1000
4000295c:	1600fff8 	bnez	s0,40002940 <thread+0x1c>
40002960:	8fbf001c 	lw	ra,28(sp)
40002964:	8fb10018 	lw	s1,24(sp)
40002968:	8fb00014 	lw	s0,20(sp)
4000296c:	03e00008 	jr	ra
40002970:	27bd0020 	addiu	sp,sp,32

40002974 <app_main>:
40002974:	27bdffd0 	addiu	sp,sp,-48
40002978:	3c044000 	lui	a0,0x4000
4000297c:	afb30028 	sw	s3,40(sp)
40002980:	afb10020 	sw	s1,32(sp)
40002984:	24843378 	addiu	a0,a0,13176
40002988:	3c134000 	lui	s3,0x4000
4000298c:	3c114000 	lui	s1,0x4000
40002990:	afb20024 	sw	s2,36(sp)
40002994:	afb0001c 	sw	s0,28(sp)
40002998:	afbf002c 	sw	ra,44(sp)
4000299c:	0c00041c 	jal	40001070 <printf>
400029a0:	2410000a 	li	s0,10
400029a4:	2673338c 	addiu	s3,s3,13196
400029a8:	24120400 	li	s2,1024
400029ac:	26312924 	addiu	s1,s1,10532
400029b0:	2610ffff 	addiu	s0,s0,-1
400029b4:	02202021 	move	a0,s1
400029b8:	00002821 	move	a1,zero
400029bc:	2406000a 	li	a2,10
400029c0:	24070014 	li	a3,20
400029c4:	afb30010 	sw	s3,16(sp)
400029c8:	0c00095e 	jal	40002578 <hf_spawn>
400029cc:	afb20014 	sw	s2,20(sp)
400029d0:	1600fff8 	bnez	s0,400029b4 <app_main+0x40>
400029d4:	2610ffff 	addiu	s0,s0,-1
400029d8:	8fbf002c 	lw	ra,44(sp)
400029dc:	8fb30028 	lw	s3,40(sp)
400029e0:	8fb20024 	lw	s2,36(sp)
400029e4:	8fb10020 	lw	s1,32(sp)
400029e8:	8fb0001c 	lw	s0,28(sp)
400029ec:	03e00008 	jr	ra
400029f0:	27bd0030 	addiu	sp,sp,48
